[0.063s] DEBUG:colcon:Command line arguments: ['/usr/bin/colcon', 'build']
[0.063s] DEBUG:colcon:Parsed command line arguments: Namespace(log_base=None, log_level=None, verb_name='build', build_base='build', install_base='install', merge_install=False, symlink_install=False, test_result_base=None, continue_on_error=False, executor='parallel', parallel_workers=20, event_handlers=None, ignore_user_meta=False, metas=['./colcon.meta'], base_paths=['.'], packages_ignore=None, packages_ignore_regex=None, paths=None, packages_up_to=None, packages_up_to_regex=None, packages_above=None, packages_above_and_dependencies=None, packages_above_depth=None, packages_select_by_dep=None, packages_skip_by_dep=None, packages_skip_up_to=None, packages_select_build_failed=False, packages_skip_build_finished=False, packages_select_test_failures=False, packages_skip_test_passed=False, packages_select=None, packages_skip=None, packages_select_regex=None, packages_skip_regex=None, packages_start=None, packages_end=None, allow_overriding=[], cmake_args=None, cmake_target=None, cmake_target_skip_unavailable=False, cmake_clean_cache=False, cmake_clean_first=False, cmake_force_configure=False, ament_cmake_args=None, catkin_cmake_args=None, catkin_skip_building_tests=False, verb_parser=<colcon_defaults.argument_parser.defaults.DefaultArgumentsDecorator object at 0x7888b2b3f640>, verb_extension=<colcon_core.verb.build.BuildVerb object at 0x7888b2b3e620>, main=<bound method BuildVerb.main of <colcon_core.verb.build.BuildVerb object at 0x7888b2b3e620>>)
[0.141s] Level 1:colcon.colcon_core.package_discovery:discover_packages(colcon_meta) check parameters
[0.141s] Level 1:colcon.colcon_core.package_discovery:discover_packages(recursive) check parameters
[0.141s] Level 1:colcon.colcon_core.package_discovery:discover_packages(ignore) check parameters
[0.141s] Level 1:colcon.colcon_core.package_discovery:discover_packages(path) check parameters
[0.141s] Level 1:colcon.colcon_core.package_discovery:discover_packages(colcon_meta) discover
[0.141s] Level 1:colcon.colcon_core.package_discovery:discover_packages(recursive) discover
[0.141s] INFO:colcon.colcon_core.package_discovery:Crawling recursively for packages in '/home/dong/drone_kkk_ws'
[0.141s] Level 1:colcon.colcon_core.package_identification:_identify(.) by extensions ['ignore', 'ignore_ament_install']
[0.141s] Level 1:colcon.colcon_core.package_identification:_identify(.) by extension 'ignore'
[0.141s] Level 1:colcon.colcon_core.package_identification:_identify(.) by extension 'ignore_ament_install'
[0.142s] Level 1:colcon.colcon_core.package_identification:_identify(.) by extensions ['colcon_pkg']
[0.142s] Level 1:colcon.colcon_core.package_identification:_identify(.) by extension 'colcon_pkg'
[0.142s] Level 1:colcon.colcon_core.package_identification:_identify(.) by extensions ['colcon_meta']
[0.142s] Level 1:colcon.colcon_core.package_identification:_identify(.) by extension 'colcon_meta'
[0.142s] Level 1:colcon.colcon_core.package_identification:_identify(.) by extensions ['ros']
[0.142s] Level 1:colcon.colcon_core.package_identification:_identify(.) by extension 'ros'
[0.157s] Level 1:colcon.colcon_core.package_identification:_identify(.) by extensions ['cmake', 'python']
[0.157s] Level 1:colcon.colcon_core.package_identification:_identify(.) by extension 'cmake'
[0.157s] Level 1:colcon.colcon_core.package_identification:_identify(.) by extension 'python'
[0.157s] Level 1:colcon.colcon_core.package_identification:_identify(.) by extensions ['python_setup_py']
[0.157s] Level 1:colcon.colcon_core.package_identification:_identify(.) by extension 'python_setup_py'
[0.157s] Level 1:colcon.colcon_core.package_identification:_identify(PX4-Autopilot) by extensions ['ignore', 'ignore_ament_install']
[0.157s] Level 1:colcon.colcon_core.package_identification:_identify(PX4-Autopilot) by extension 'ignore'
[0.157s] Level 1:colcon.colcon_core.package_identification:_identify(PX4-Autopilot) by extension 'ignore_ament_install'
[0.157s] Level 1:colcon.colcon_core.package_identification:_identify(PX4-Autopilot) by extensions ['colcon_pkg']
[0.157s] Level 1:colcon.colcon_core.package_identification:_identify(PX4-Autopilot) by extension 'colcon_pkg'
[0.157s] Level 1:colcon.colcon_core.package_identification:_identify(PX4-Autopilot) by extensions ['colcon_meta']
[0.157s] Level 1:colcon.colcon_core.package_identification:_identify(PX4-Autopilot) by extension 'colcon_meta'
[0.157s] Level 1:colcon.colcon_core.package_identification:_identify(PX4-Autopilot) by extensions ['ros']
[0.157s] Level 1:colcon.colcon_core.package_identification:_identify(PX4-Autopilot) by extension 'ros'
[0.158s] DEBUG:colcon.colcon_core.package_identification:Package 'PX4-Autopilot' with type 'ros.ament_cmake' and name 'px4'
[0.159s] Level 1:colcon.colcon_core.package_identification:_identify(build) by extensions ['ignore', 'ignore_ament_install']
[0.159s] Level 1:colcon.colcon_core.package_identification:_identify(build) by extension 'ignore'
[0.159s] Level 1:colcon.colcon_core.package_identification:_identify(build) ignored
[0.159s] Level 1:colcon.colcon_core.package_identification:_identify(install) by extensions ['ignore', 'ignore_ament_install']
[0.159s] Level 1:colcon.colcon_core.package_identification:_identify(install) by extension 'ignore'
[0.159s] Level 1:colcon.colcon_core.package_identification:_identify(install) ignored
[0.159s] Level 1:colcon.colcon_core.package_identification:_identify(log) by extensions ['ignore', 'ignore_ament_install']
[0.159s] Level 1:colcon.colcon_core.package_identification:_identify(log) by extension 'ignore'
[0.159s] Level 1:colcon.colcon_core.package_identification:_identify(log) ignored
[0.159s] Level 1:colcon.colcon_core.package_identification:_identify(src) by extensions ['ignore', 'ignore_ament_install']
[0.159s] Level 1:colcon.colcon_core.package_identification:_identify(src) by extension 'ignore'
[0.159s] Level 1:colcon.colcon_core.package_identification:_identify(src) by extension 'ignore_ament_install'
[0.159s] Level 1:colcon.colcon_core.package_identification:_identify(src) by extensions ['colcon_pkg']
[0.159s] Level 1:colcon.colcon_core.package_identification:_identify(src) by extension 'colcon_pkg'
[0.159s] Level 1:colcon.colcon_core.package_identification:_identify(src) by extensions ['colcon_meta']
[0.159s] Level 1:colcon.colcon_core.package_identification:_identify(src) by extension 'colcon_meta'
[0.159s] Level 1:colcon.colcon_core.package_identification:_identify(src) by extensions ['ros']
[0.159s] Level 1:colcon.colcon_core.package_identification:_identify(src) by extension 'ros'
[0.159s] Level 1:colcon.colcon_core.package_identification:_identify(src) by extensions ['cmake', 'python']
[0.159s] Level 1:colcon.colcon_core.package_identification:_identify(src) by extension 'cmake'
[0.159s] Level 1:colcon.colcon_core.package_identification:_identify(src) by extension 'python'
[0.159s] Level 1:colcon.colcon_core.package_identification:_identify(src) by extensions ['python_setup_py']
[0.159s] Level 1:colcon.colcon_core.package_identification:_identify(src) by extension 'python_setup_py'
[0.159s] Level 1:colcon.colcon_core.package_identification:_identify(src/decision_node) by extensions ['ignore', 'ignore_ament_install']
[0.159s] Level 1:colcon.colcon_core.package_identification:_identify(src/decision_node) by extension 'ignore'
[0.159s] Level 1:colcon.colcon_core.package_identification:_identify(src/decision_node) by extension 'ignore_ament_install'
[0.159s] Level 1:colcon.colcon_core.package_identification:_identify(src/decision_node) by extensions ['colcon_pkg']
[0.159s] Level 1:colcon.colcon_core.package_identification:_identify(src/decision_node) by extension 'colcon_pkg'
[0.159s] Level 1:colcon.colcon_core.package_identification:_identify(src/decision_node) by extensions ['colcon_meta']
[0.159s] Level 1:colcon.colcon_core.package_identification:_identify(src/decision_node) by extension 'colcon_meta'
[0.159s] Level 1:colcon.colcon_core.package_identification:_identify(src/decision_node) by extensions ['ros']
[0.159s] Level 1:colcon.colcon_core.package_identification:_identify(src/decision_node) by extension 'ros'
[0.160s] DEBUG:colcon.colcon_core.package_identification:Package 'src/decision_node' with type 'ros.ament_python' and name 'decision_node'
[0.160s] Level 1:colcon.colcon_core.package_identification:_identify(src/drone_msgs) by extensions ['ignore', 'ignore_ament_install']
[0.160s] Level 1:colcon.colcon_core.package_identification:_identify(src/drone_msgs) by extension 'ignore'
[0.160s] Level 1:colcon.colcon_core.package_identification:_identify(src/drone_msgs) by extension 'ignore_ament_install'
[0.160s] Level 1:colcon.colcon_core.package_identification:_identify(src/drone_msgs) by extensions ['colcon_pkg']
[0.160s] Level 1:colcon.colcon_core.package_identification:_identify(src/drone_msgs) by extension 'colcon_pkg'
[0.160s] Level 1:colcon.colcon_core.package_identification:_identify(src/drone_msgs) by extensions ['colcon_meta']
[0.160s] Level 1:colcon.colcon_core.package_identification:_identify(src/drone_msgs) by extension 'colcon_meta'
[0.160s] Level 1:colcon.colcon_core.package_identification:_identify(src/drone_msgs) by extensions ['ros']
[0.160s] Level 1:colcon.colcon_core.package_identification:_identify(src/drone_msgs) by extension 'ros'
[0.160s] DEBUG:colcon.colcon_core.package_identification:Package 'src/drone_msgs' with type 'ros.ament_cmake' and name 'drone_msgs'
[0.160s] Level 1:colcon.colcon_core.package_identification:_identify(src/launch) by extensions ['ignore', 'ignore_ament_install']
[0.160s] Level 1:colcon.colcon_core.package_identification:_identify(src/launch) by extension 'ignore'
[0.161s] Level 1:colcon.colcon_core.package_identification:_identify(src/launch) by extension 'ignore_ament_install'
[0.161s] Level 1:colcon.colcon_core.package_identification:_identify(src/launch) by extensions ['colcon_pkg']
[0.161s] Level 1:colcon.colcon_core.package_identification:_identify(src/launch) by extension 'colcon_pkg'
[0.161s] Level 1:colcon.colcon_core.package_identification:_identify(src/launch) by extensions ['colcon_meta']
[0.161s] Level 1:colcon.colcon_core.package_identification:_identify(src/launch) by extension 'colcon_meta'
[0.161s] Level 1:colcon.colcon_core.package_identification:_identify(src/launch) by extensions ['ros']
[0.161s] Level 1:colcon.colcon_core.package_identification:_identify(src/launch) by extension 'ros'
[0.161s] Level 1:colcon.colcon_core.package_identification:_identify(src/launch) by extensions ['cmake', 'python']
[0.161s] Level 1:colcon.colcon_core.package_identification:_identify(src/launch) by extension 'cmake'
[0.161s] Level 1:colcon.colcon_core.package_identification:_identify(src/launch) by extension 'python'
[0.161s] Level 1:colcon.colcon_core.package_identification:_identify(src/launch) by extensions ['python_setup_py']
[0.161s] Level 1:colcon.colcon_core.package_identification:_identify(src/launch) by extension 'python_setup_py'
[0.161s] Level 1:colcon.colcon_core.package_identification:_identify(src/perception_node) by extensions ['ignore', 'ignore_ament_install']
[0.161s] Level 1:colcon.colcon_core.package_identification:_identify(src/perception_node) by extension 'ignore'
[0.161s] Level 1:colcon.colcon_core.package_identification:_identify(src/perception_node) by extension 'ignore_ament_install'
[0.161s] Level 1:colcon.colcon_core.package_identification:_identify(src/perception_node) by extensions ['colcon_pkg']
[0.161s] Level 1:colcon.colcon_core.package_identification:_identify(src/perception_node) by extension 'colcon_pkg'
[0.161s] Level 1:colcon.colcon_core.package_identification:_identify(src/perception_node) by extensions ['colcon_meta']
[0.161s] Level 1:colcon.colcon_core.package_identification:_identify(src/perception_node) by extension 'colcon_meta'
[0.161s] Level 1:colcon.colcon_core.package_identification:_identify(src/perception_node) by extensions ['ros']
[0.161s] Level 1:colcon.colcon_core.package_identification:_identify(src/perception_node) by extension 'ros'
[0.161s] DEBUG:colcon.colcon_core.package_identification:Package 'src/perception_node' with type 'ros.ament_python' and name 'perception_node'
[0.161s] Level 1:colcon.colcon_core.package_discovery:discover_packages(recursive) using defaults
[0.161s] Level 1:colcon.colcon_core.package_discovery:discover_packages(ignore) discover
[0.161s] Level 1:colcon.colcon_core.package_discovery:discover_packages(ignore) using defaults
[0.161s] Level 1:colcon.colcon_core.package_discovery:discover_packages(path) discover
[0.161s] Level 1:colcon.colcon_core.package_discovery:discover_packages(path) using defaults
[0.179s] Level 1:colcon.colcon_core.package_discovery:discover_packages(prefix_path) check parameters
[0.179s] Level 1:colcon.colcon_core.package_discovery:discover_packages(prefix_path) discover
[0.179s] WARNING:colcon.colcon_ros.prefix_path.ament:The path '/home/dong/drone_kkk_ws/install/drone_msgs' in the environment variable AMENT_PREFIX_PATH doesn't exist
[0.179s] WARNING:colcon.colcon_ros.prefix_path.ament:The path '/home/dong/drone_kkk_ws/install/px4' in the environment variable AMENT_PREFIX_PATH doesn't exist
[0.179s] WARNING:colcon.colcon_ros.prefix_path.ament:The path '/home/dong/drone_kkk_ws/install/perception_node' in the environment variable AMENT_PREFIX_PATH doesn't exist
[0.179s] WARNING:colcon.colcon_ros.prefix_path.ament:The path '/home/dong/drone_kkk_ws/install/decision_node' in the environment variable AMENT_PREFIX_PATH doesn't exist
[0.179s] WARNING:colcon.colcon_ros.prefix_path.catkin:The path '/home/dong/drone_kkk_ws/install/px4' in the environment variable CMAKE_PREFIX_PATH doesn't exist
[0.179s] WARNING:colcon.colcon_ros.prefix_path.catkin:The path '/home/dong/drone_kkk_ws/install/drone_msgs' in the environment variable CMAKE_PREFIX_PATH doesn't exist
[0.180s] DEBUG:colcon.colcon_installed_package_information.package_discovery:Found 0 installed packages in /home/dong/drone_kkk_ws/install
[0.180s] DEBUG:colcon.colcon_installed_package_information.package_discovery:Found 187 installed packages in /opt/ros/humble
[0.181s] Level 1:colcon.colcon_core.package_discovery:discover_packages(prefix_path) using defaults
[0.194s] Level 5:colcon.colcon_core.verb:set package 'drone_msgs' build argument 'cmake_args' from command line to 'None'
[0.194s] Level 5:colcon.colcon_core.verb:set package 'drone_msgs' build argument 'cmake_target' from command line to 'None'
[0.194s] Level 5:colcon.colcon_core.verb:set package 'drone_msgs' build argument 'cmake_target_skip_unavailable' from command line to 'False'
[0.194s] Level 5:colcon.colcon_core.verb:set package 'drone_msgs' build argument 'cmake_clean_cache' from command line to 'False'
[0.194s] Level 5:colcon.colcon_core.verb:set package 'drone_msgs' build argument 'cmake_clean_first' from command line to 'False'
[0.194s] Level 5:colcon.colcon_core.verb:set package 'drone_msgs' build argument 'cmake_force_configure' from command line to 'False'
[0.194s] Level 5:colcon.colcon_core.verb:set package 'drone_msgs' build argument 'ament_cmake_args' from command line to 'None'
[0.194s] Level 5:colcon.colcon_core.verb:set package 'drone_msgs' build argument 'catkin_cmake_args' from command line to 'None'
[0.194s] Level 5:colcon.colcon_core.verb:set package 'drone_msgs' build argument 'catkin_skip_building_tests' from command line to 'False'
[0.194s] DEBUG:colcon.colcon_core.verb:Building package 'drone_msgs' with the following arguments: {'ament_cmake_args': None, 'build_base': '/home/dong/drone_kkk_ws/build/drone_msgs', 'catkin_cmake_args': None, 'catkin_skip_building_tests': False, 'cmake_args': None, 'cmake_clean_cache': False, 'cmake_clean_first': False, 'cmake_force_configure': False, 'cmake_target': None, 'cmake_target_skip_unavailable': False, 'install_base': '/home/dong/drone_kkk_ws/install/drone_msgs', 'merge_install': False, 'path': '/home/dong/drone_kkk_ws/src/drone_msgs', 'symlink_install': False, 'test_result_base': None}
[0.194s] Level 5:colcon.colcon_core.verb:set package 'px4' build argument 'cmake_args' from command line to 'None'
[0.194s] Level 5:colcon.colcon_core.verb:set package 'px4' build argument 'cmake_target' from command line to 'None'
[0.194s] Level 5:colcon.colcon_core.verb:set package 'px4' build argument 'cmake_target_skip_unavailable' from command line to 'False'
[0.194s] Level 5:colcon.colcon_core.verb:set package 'px4' build argument 'cmake_clean_cache' from command line to 'False'
[0.194s] Level 5:colcon.colcon_core.verb:set package 'px4' build argument 'cmake_clean_first' from command line to 'False'
[0.194s] Level 5:colcon.colcon_core.verb:set package 'px4' build argument 'cmake_force_configure' from command line to 'False'
[0.194s] Level 5:colcon.colcon_core.verb:set package 'px4' build argument 'ament_cmake_args' from command line to 'None'
[0.194s] Level 5:colcon.colcon_core.verb:set package 'px4' build argument 'catkin_cmake_args' from command line to 'None'
[0.194s] Level 5:colcon.colcon_core.verb:set package 'px4' build argument 'catkin_skip_building_tests' from command line to 'False'
[0.194s] DEBUG:colcon.colcon_core.verb:Building package 'px4' with the following arguments: {'ament_cmake_args': None, 'build_base': '/home/dong/drone_kkk_ws/build/px4', 'catkin_cmake_args': None, 'catkin_skip_building_tests': False, 'cmake_args': None, 'cmake_clean_cache': False, 'cmake_clean_first': False, 'cmake_force_configure': False, 'cmake_target': None, 'cmake_target_skip_unavailable': False, 'install_base': '/home/dong/drone_kkk_ws/install/px4', 'merge_install': False, 'path': '/home/dong/drone_kkk_ws/PX4-Autopilot', 'symlink_install': False, 'test_result_base': None}
[0.194s] Level 5:colcon.colcon_core.verb:set package 'decision_node' build argument 'cmake_args' from command line to 'None'
[0.194s] Level 5:colcon.colcon_core.verb:set package 'decision_node' build argument 'cmake_target' from command line to 'None'
[0.194s] Level 5:colcon.colcon_core.verb:set package 'decision_node' build argument 'cmake_target_skip_unavailable' from command line to 'False'
[0.194s] Level 5:colcon.colcon_core.verb:set package 'decision_node' build argument 'cmake_clean_cache' from command line to 'False'
[0.194s] Level 5:colcon.colcon_core.verb:set package 'decision_node' build argument 'cmake_clean_first' from command line to 'False'
[0.194s] Level 5:colcon.colcon_core.verb:set package 'decision_node' build argument 'cmake_force_configure' from command line to 'False'
[0.194s] Level 5:colcon.colcon_core.verb:set package 'decision_node' build argument 'ament_cmake_args' from command line to 'None'
[0.194s] Level 5:colcon.colcon_core.verb:set package 'decision_node' build argument 'catkin_cmake_args' from command line to 'None'
[0.194s] Level 5:colcon.colcon_core.verb:set package 'decision_node' build argument 'catkin_skip_building_tests' from command line to 'False'
[0.194s] DEBUG:colcon.colcon_core.verb:Building package 'decision_node' with the following arguments: {'ament_cmake_args': None, 'build_base': '/home/dong/drone_kkk_ws/build/decision_node', 'catkin_cmake_args': None, 'catkin_skip_building_tests': False, 'cmake_args': None, 'cmake_clean_cache': False, 'cmake_clean_first': False, 'cmake_force_configure': False, 'cmake_target': None, 'cmake_target_skip_unavailable': False, 'install_base': '/home/dong/drone_kkk_ws/install/decision_node', 'merge_install': False, 'path': '/home/dong/drone_kkk_ws/src/decision_node', 'symlink_install': False, 'test_result_base': None}
[0.195s] Level 5:colcon.colcon_core.verb:set package 'perception_node' build argument 'cmake_args' from command line to 'None'
[0.195s] Level 5:colcon.colcon_core.verb:set package 'perception_node' build argument 'cmake_target' from command line to 'None'
[0.195s] Level 5:colcon.colcon_core.verb:set package 'perception_node' build argument 'cmake_target_skip_unavailable' from command line to 'False'
[0.195s] Level 5:colcon.colcon_core.verb:set package 'perception_node' build argument 'cmake_clean_cache' from command line to 'False'
[0.195s] Level 5:colcon.colcon_core.verb:set package 'perception_node' build argument 'cmake_clean_first' from command line to 'False'
[0.195s] Level 5:colcon.colcon_core.verb:set package 'perception_node' build argument 'cmake_force_configure' from command line to 'False'
[0.195s] Level 5:colcon.colcon_core.verb:set package 'perception_node' build argument 'ament_cmake_args' from command line to 'None'
[0.195s] Level 5:colcon.colcon_core.verb:set package 'perception_node' build argument 'catkin_cmake_args' from command line to 'None'
[0.195s] Level 5:colcon.colcon_core.verb:set package 'perception_node' build argument 'catkin_skip_building_tests' from command line to 'False'
[0.195s] DEBUG:colcon.colcon_core.verb:Building package 'perception_node' with the following arguments: {'ament_cmake_args': None, 'build_base': '/home/dong/drone_kkk_ws/build/perception_node', 'catkin_cmake_args': None, 'catkin_skip_building_tests': False, 'cmake_args': None, 'cmake_clean_cache': False, 'cmake_clean_first': False, 'cmake_force_configure': False, 'cmake_target': None, 'cmake_target_skip_unavailable': False, 'install_base': '/home/dong/drone_kkk_ws/install/perception_node', 'merge_install': False, 'path': '/home/dong/drone_kkk_ws/src/perception_node', 'symlink_install': False, 'test_result_base': None}
[0.195s] INFO:colcon.colcon_core.executor:Executing jobs using 'parallel' executor
[0.196s] DEBUG:colcon.colcon_parallel_executor.executor.parallel:run_until_complete
[0.196s] INFO:colcon.colcon_ros.task.ament_cmake.build:Building ROS package in '/home/dong/drone_kkk_ws/src/drone_msgs' with build type 'ament_cmake'
[0.196s] INFO:colcon.colcon_cmake.task.cmake.build:Building CMake package in '/home/dong/drone_kkk_ws/src/drone_msgs'
[0.197s] INFO:colcon.colcon_core.plugin_system:Skipping extension 'colcon_core.shell.bat': Not used on non-Windows systems
[0.197s] INFO:colcon.colcon_core.shell:Skip shell extension 'powershell' for command environment: Not usable outside of PowerShell
[0.197s] DEBUG:colcon.colcon_core.shell:Skip shell extension 'dsv' for command environment
[0.198s] INFO:colcon.colcon_ros.task.ament_cmake.build:Building ROS package in '/home/dong/drone_kkk_ws/PX4-Autopilot' with build type 'ament_cmake'
[0.198s] INFO:colcon.colcon_cmake.task.cmake.build:Building CMake package in '/home/dong/drone_kkk_ws/PX4-Autopilot'
[0.198s] INFO:colcon.colcon_core.shell:Skip shell extension 'powershell' for command environment: Not usable outside of PowerShell
[0.198s] DEBUG:colcon.colcon_core.shell:Skip shell extension 'dsv' for command environment
[0.201s] DEBUG:colcon.colcon_core.event_handler.log_command:Invoking command in '/home/dong/drone_kkk_ws/build/drone_msgs': CMAKE_PREFIX_PATH=${CMAKE_PREFIX_PATH}:/home/dong/drone_kkk_ws/install/perception_node:/home/dong/drone_kkk_ws/install/decision_node:/opt/ros/humble /usr/bin/cmake /home/dong/drone_kkk_ws/src/drone_msgs -DCMAKE_INSTALL_PREFIX=/home/dong/drone_kkk_ws/install/drone_msgs
[0.203s] DEBUG:colcon.colcon_core.event_handler.log_command:Invoking command in '/home/dong/drone_kkk_ws/build/px4': CMAKE_PREFIX_PATH=${CMAKE_PREFIX_PATH}:/home/dong/drone_kkk_ws/install/perception_node:/home/dong/drone_kkk_ws/install/decision_node:/opt/ros/humble /usr/bin/cmake /home/dong/drone_kkk_ws/PX4-Autopilot -DCMAKE_INSTALL_PREFIX=/home/dong/drone_kkk_ws/install/px4
[1.621s] DEBUG:colcon.colcon_core.event_handler.log_command:Invoked command in '/home/dong/drone_kkk_ws/build/drone_msgs' returned '0': CMAKE_PREFIX_PATH=${CMAKE_PREFIX_PATH}:/home/dong/drone_kkk_ws/install/perception_node:/home/dong/drone_kkk_ws/install/decision_node:/opt/ros/humble /usr/bin/cmake /home/dong/drone_kkk_ws/src/drone_msgs -DCMAKE_INSTALL_PREFIX=/home/dong/drone_kkk_ws/install/drone_msgs
[1.622s] DEBUG:colcon.colcon_core.event_handler.log_command:Invoking command in '/home/dong/drone_kkk_ws/build/drone_msgs': CMAKE_PREFIX_PATH=${CMAKE_PREFIX_PATH}:/home/dong/drone_kkk_ws/install/perception_node:/home/dong/drone_kkk_ws/install/decision_node:/opt/ros/humble /usr/bin/cmake --build /home/dong/drone_kkk_ws/build/drone_msgs -- -j20 -l20
[3.202s] DEBUG:colcon.colcon_core.event_handler.log_command:Invoked command in '/home/dong/drone_kkk_ws/build/drone_msgs' returned '0': CMAKE_PREFIX_PATH=${CMAKE_PREFIX_PATH}:/home/dong/drone_kkk_ws/install/perception_node:/home/dong/drone_kkk_ws/install/decision_node:/opt/ros/humble /usr/bin/cmake --build /home/dong/drone_kkk_ws/build/drone_msgs -- -j20 -l20
[3.216s] DEBUG:colcon.colcon_core.event_handler.log_command:Invoking command in '/home/dong/drone_kkk_ws/build/drone_msgs': CMAKE_PREFIX_PATH=${CMAKE_PREFIX_PATH}:/home/dong/drone_kkk_ws/install/perception_node:/home/dong/drone_kkk_ws/install/decision_node:/opt/ros/humble /usr/bin/cmake --install /home/dong/drone_kkk_ws/build/drone_msgs
[3.295s] Level 1:colcon.colcon_core.environment:create_environment_scripts_only(drone_msgs)
[3.296s] DEBUG:colcon.colcon_core.event_handler.log_command:Invoked command in '/home/dong/drone_kkk_ws/build/drone_msgs' returned '0': CMAKE_PREFIX_PATH=${CMAKE_PREFIX_PATH}:/home/dong/drone_kkk_ws/install/perception_node:/home/dong/drone_kkk_ws/install/decision_node:/opt/ros/humble /usr/bin/cmake --install /home/dong/drone_kkk_ws/build/drone_msgs
[3.298s] Level 1:colcon.colcon_core.environment:checking '/home/dong/drone_kkk_ws/install/drone_msgs' for CMake module files
[3.299s] Level 1:colcon.colcon_core.environment:checking '/home/dong/drone_kkk_ws/install/drone_msgs' for CMake config files
[3.300s] Level 1:colcon.colcon_core.shell:create_environment_hook('drone_msgs', 'cmake_prefix_path')
[3.301s] INFO:colcon.colcon_core.shell:Creating environment hook '/home/dong/drone_kkk_ws/install/drone_msgs/share/drone_msgs/hook/cmake_prefix_path.ps1'
[3.301s] INFO:colcon.colcon_core.shell:Creating environment descriptor '/home/dong/drone_kkk_ws/install/drone_msgs/share/drone_msgs/hook/cmake_prefix_path.dsv'
[3.302s] INFO:colcon.colcon_core.shell:Creating environment hook '/home/dong/drone_kkk_ws/install/drone_msgs/share/drone_msgs/hook/cmake_prefix_path.sh'
[3.303s] Level 1:colcon.colcon_core.environment:checking '/home/dong/drone_kkk_ws/install/drone_msgs/lib'
[3.303s] Level 1:colcon.colcon_core.shell:create_environment_hook('drone_msgs', 'ld_library_path_lib')
[3.304s] INFO:colcon.colcon_core.shell:Creating environment hook '/home/dong/drone_kkk_ws/install/drone_msgs/share/drone_msgs/hook/ld_library_path_lib.ps1'
[3.304s] INFO:colcon.colcon_core.shell:Creating environment descriptor '/home/dong/drone_kkk_ws/install/drone_msgs/share/drone_msgs/hook/ld_library_path_lib.dsv'
[3.304s] INFO:colcon.colcon_core.shell:Creating environment hook '/home/dong/drone_kkk_ws/install/drone_msgs/share/drone_msgs/hook/ld_library_path_lib.sh'
[3.305s] Level 1:colcon.colcon_core.environment:checking '/home/dong/drone_kkk_ws/install/drone_msgs/bin'
[3.305s] Level 1:colcon.colcon_core.environment:checking '/home/dong/drone_kkk_ws/install/drone_msgs/lib/pkgconfig/drone_msgs.pc'
[3.305s] Level 1:colcon.colcon_core.environment:checking '/home/dong/drone_kkk_ws/install/drone_msgs/lib/python3.10/site-packages'
[3.306s] Level 1:colcon.colcon_core.environment:checking '/home/dong/drone_kkk_ws/install/drone_msgs/bin'
[3.306s] INFO:colcon.colcon_core.shell:Creating package script '/home/dong/drone_kkk_ws/install/drone_msgs/share/drone_msgs/package.ps1'
[3.307s] INFO:colcon.colcon_core.shell:Creating package descriptor '/home/dong/drone_kkk_ws/install/drone_msgs/share/drone_msgs/package.dsv'
[3.308s] INFO:colcon.colcon_core.shell:Creating package script '/home/dong/drone_kkk_ws/install/drone_msgs/share/drone_msgs/package.sh'
[3.309s] INFO:colcon.colcon_core.shell:Creating package script '/home/dong/drone_kkk_ws/install/drone_msgs/share/drone_msgs/package.bash'
[3.309s] INFO:colcon.colcon_core.shell:Creating package script '/home/dong/drone_kkk_ws/install/drone_msgs/share/drone_msgs/package.zsh'
[3.310s] Level 1:colcon.colcon_core.environment:create_file_with_runtime_dependencies(/home/dong/drone_kkk_ws/install/drone_msgs/share/colcon-core/packages/drone_msgs)
[3.311s] Level 1:colcon.colcon_core.environment:create_environment_scripts_only(drone_msgs)
[3.311s] Level 1:colcon.colcon_core.environment:checking '/home/dong/drone_kkk_ws/install/drone_msgs' for CMake module files
[3.312s] Level 1:colcon.colcon_core.environment:checking '/home/dong/drone_kkk_ws/install/drone_msgs' for CMake config files
[3.312s] Level 1:colcon.colcon_core.shell:create_environment_hook('drone_msgs', 'cmake_prefix_path')
[3.312s] INFO:colcon.colcon_core.shell:Creating environment hook '/home/dong/drone_kkk_ws/install/drone_msgs/share/drone_msgs/hook/cmake_prefix_path.ps1'
[3.313s] INFO:colcon.colcon_core.shell:Creating environment descriptor '/home/dong/drone_kkk_ws/install/drone_msgs/share/drone_msgs/hook/cmake_prefix_path.dsv'
[3.313s] INFO:colcon.colcon_core.shell:Creating environment hook '/home/dong/drone_kkk_ws/install/drone_msgs/share/drone_msgs/hook/cmake_prefix_path.sh'
[3.314s] Level 1:colcon.colcon_core.environment:checking '/home/dong/drone_kkk_ws/install/drone_msgs/lib'
[3.314s] Level 1:colcon.colcon_core.shell:create_environment_hook('drone_msgs', 'ld_library_path_lib')
[3.314s] INFO:colcon.colcon_core.shell:Creating environment hook '/home/dong/drone_kkk_ws/install/drone_msgs/share/drone_msgs/hook/ld_library_path_lib.ps1'
[3.314s] INFO:colcon.colcon_core.shell:Creating environment descriptor '/home/dong/drone_kkk_ws/install/drone_msgs/share/drone_msgs/hook/ld_library_path_lib.dsv'
[3.315s] INFO:colcon.colcon_core.shell:Creating environment hook '/home/dong/drone_kkk_ws/install/drone_msgs/share/drone_msgs/hook/ld_library_path_lib.sh'
[3.315s] Level 1:colcon.colcon_core.environment:checking '/home/dong/drone_kkk_ws/install/drone_msgs/bin'
[3.315s] Level 1:colcon.colcon_core.environment:checking '/home/dong/drone_kkk_ws/install/drone_msgs/lib/pkgconfig/drone_msgs.pc'
[3.315s] Level 1:colcon.colcon_core.environment:checking '/home/dong/drone_kkk_ws/install/drone_msgs/lib/python3.10/site-packages'
[3.316s] Level 1:colcon.colcon_core.environment:checking '/home/dong/drone_kkk_ws/install/drone_msgs/bin'
[3.316s] INFO:colcon.colcon_core.shell:Creating package script '/home/dong/drone_kkk_ws/install/drone_msgs/share/drone_msgs/package.ps1'
[3.317s] INFO:colcon.colcon_core.shell:Creating package descriptor '/home/dong/drone_kkk_ws/install/drone_msgs/share/drone_msgs/package.dsv'
[3.317s] INFO:colcon.colcon_core.shell:Creating package script '/home/dong/drone_kkk_ws/install/drone_msgs/share/drone_msgs/package.sh'
[3.318s] INFO:colcon.colcon_core.shell:Creating package script '/home/dong/drone_kkk_ws/install/drone_msgs/share/drone_msgs/package.bash'
[3.318s] INFO:colcon.colcon_core.shell:Creating package script '/home/dong/drone_kkk_ws/install/drone_msgs/share/drone_msgs/package.zsh'
[3.318s] Level 1:colcon.colcon_core.environment:create_file_with_runtime_dependencies(/home/dong/drone_kkk_ws/install/drone_msgs/share/colcon-core/packages/drone_msgs)
[3.319s] INFO:colcon.colcon_ros.task.ament_python.build:Building ROS package in '/home/dong/drone_kkk_ws/src/decision_node' with build type 'ament_python'
[3.319s] Level 1:colcon.colcon_core.shell:create_environment_hook('decision_node', 'ament_prefix_path')
[3.319s] INFO:colcon.colcon_core.shell:Creating environment hook '/home/dong/drone_kkk_ws/install/decision_node/share/decision_node/hook/ament_prefix_path.ps1'
[3.320s] INFO:colcon.colcon_core.shell:Creating environment descriptor '/home/dong/drone_kkk_ws/install/decision_node/share/decision_node/hook/ament_prefix_path.dsv'
[3.321s] INFO:colcon.colcon_core.shell:Creating environment hook '/home/dong/drone_kkk_ws/install/decision_node/share/decision_node/hook/ament_prefix_path.sh'
[3.321s] INFO:colcon.colcon_core.shell:Skip shell extension 'powershell' for command environment: Not usable outside of PowerShell
[3.321s] DEBUG:colcon.colcon_core.shell:Skip shell extension 'dsv' for command environment
[3.324s] INFO:colcon.colcon_ros.task.ament_python.build:Building ROS package in '/home/dong/drone_kkk_ws/src/perception_node' with build type 'ament_python'
[3.324s] Level 1:colcon.colcon_core.shell:create_environment_hook('perception_node', 'ament_prefix_path')
[3.324s] INFO:colcon.colcon_core.shell:Creating environment hook '/home/dong/drone_kkk_ws/install/perception_node/share/perception_node/hook/ament_prefix_path.ps1'
[3.325s] INFO:colcon.colcon_core.shell:Creating environment descriptor '/home/dong/drone_kkk_ws/install/perception_node/share/perception_node/hook/ament_prefix_path.dsv'
[3.325s] INFO:colcon.colcon_core.shell:Creating environment hook '/home/dong/drone_kkk_ws/install/perception_node/share/perception_node/hook/ament_prefix_path.sh'
[3.326s] INFO:colcon.colcon_core.shell:Skip shell extension 'powershell' for command environment: Not usable outside of PowerShell
[3.326s] DEBUG:colcon.colcon_core.shell:Skip shell extension 'dsv' for command environment
[3.485s] INFO:colcon.colcon_core.task.python.build:Building Python package in '/home/dong/drone_kkk_ws/src/decision_node'
[3.485s] INFO:colcon.colcon_core.shell:Skip shell extension 'powershell' for command environment: Not usable outside of PowerShell
[3.485s] DEBUG:colcon.colcon_core.shell:Skip shell extension 'dsv' for command environment
[3.618s] INFO:colcon.colcon_core.task.python.build:Building Python package in '/home/dong/drone_kkk_ws/src/perception_node'
[3.619s] INFO:colcon.colcon_core.shell:Skip shell extension 'powershell' for command environment: Not usable outside of PowerShell
[3.619s] DEBUG:colcon.colcon_core.shell:Skip shell extension 'dsv' for command environment
[3.822s] DEBUG:colcon.colcon_core.event_handler.log_command:Invoking command in '/home/dong/drone_kkk_ws/src/perception_node': CMAKE_PREFIX_PATH=/home/dong/drone_kkk_ws/install/drone_msgs:/home/dong/drone_kkk_ws/install/px4 LD_LIBRARY_PATH=/home/dong/drone_kkk_ws/install/drone_msgs/lib:/home/dong/drone_kkk_ws/install/px4/lib:/opt/ros/humble/lib/x86_64-linux-gnu:/opt/ros/humble/lib PYTHONPATH=/home/dong/drone_kkk_ws/build/perception_node/prefix_override:/usr/lib/python3/dist-packages/colcon_core/task/python/colcon_distutils_commands:/home/dong/drone_kkk_ws/install/perception_node/lib/python3.10/site-packages:${PYTHONPATH} /usr/bin/python3 -W ignore:setup.py install is deprecated -W ignore:easy_install command is deprecated setup.py egg_info --egg-base ../../build/perception_node build --build-base /home/dong/drone_kkk_ws/build/perception_node/build install --record /home/dong/drone_kkk_ws/build/perception_node/install.log --single-version-externally-managed install_data
[3.845s] DEBUG:colcon.colcon_core.event_handler.log_command:Invoking command in '/home/dong/drone_kkk_ws/src/decision_node': CMAKE_PREFIX_PATH=/home/dong/drone_kkk_ws/install/drone_msgs:/home/dong/drone_kkk_ws/install/px4 LD_LIBRARY_PATH=/home/dong/drone_kkk_ws/install/drone_msgs/lib:/home/dong/drone_kkk_ws/install/px4/lib:/opt/ros/humble/lib/x86_64-linux-gnu:/opt/ros/humble/lib PYTHONPATH=/home/dong/drone_kkk_ws/build/decision_node/prefix_override:/usr/lib/python3/dist-packages/colcon_core/task/python/colcon_distutils_commands:/home/dong/drone_kkk_ws/install/decision_node/lib/python3.10/site-packages:${PYTHONPATH} /usr/bin/python3 -W ignore:setup.py install is deprecated -W ignore:easy_install command is deprecated setup.py egg_info --egg-base ../../build/decision_node build --build-base /home/dong/drone_kkk_ws/build/decision_node/build install --record /home/dong/drone_kkk_ws/build/decision_node/install.log --single-version-externally-managed install_data
[3.985s] Level 1:colcon.colcon_core.environment:checking '/home/dong/drone_kkk_ws/install/perception_node' for CMake module files
[3.986s] DEBUG:colcon.colcon_core.event_handler.log_command:Invoked command in '/home/dong/drone_kkk_ws/src/perception_node' returned '0': CMAKE_PREFIX_PATH=/home/dong/drone_kkk_ws/install/drone_msgs:/home/dong/drone_kkk_ws/install/px4 LD_LIBRARY_PATH=/home/dong/drone_kkk_ws/install/drone_msgs/lib:/home/dong/drone_kkk_ws/install/px4/lib:/opt/ros/humble/lib/x86_64-linux-gnu:/opt/ros/humble/lib PYTHONPATH=/home/dong/drone_kkk_ws/build/perception_node/prefix_override:/usr/lib/python3/dist-packages/colcon_core/task/python/colcon_distutils_commands:/home/dong/drone_kkk_ws/install/perception_node/lib/python3.10/site-packages:${PYTHONPATH} /usr/bin/python3 -W ignore:setup.py install is deprecated -W ignore:easy_install command is deprecated setup.py egg_info --egg-base ../../build/perception_node build --build-base /home/dong/drone_kkk_ws/build/perception_node/build install --record /home/dong/drone_kkk_ws/build/perception_node/install.log --single-version-externally-managed install_data
[3.986s] Level 1:colcon.colcon_core.environment:checking '/home/dong/drone_kkk_ws/install/perception_node' for CMake config files
[3.986s] Level 1:colcon.colcon_core.environment:checking '/home/dong/drone_kkk_ws/install/perception_node/lib'
[3.986s] Level 1:colcon.colcon_core.environment:checking '/home/dong/drone_kkk_ws/install/perception_node/bin'
[3.987s] Level 1:colcon.colcon_core.environment:checking '/home/dong/drone_kkk_ws/install/perception_node/lib/pkgconfig/perception_node.pc'
[3.987s] Level 1:colcon.colcon_core.environment:checking '/home/dong/drone_kkk_ws/install/perception_node/lib/python3.10/site-packages'
[3.987s] Level 1:colcon.colcon_core.shell:create_environment_hook('perception_node', 'pythonpath')
[3.987s] INFO:colcon.colcon_core.shell:Creating environment hook '/home/dong/drone_kkk_ws/install/perception_node/share/perception_node/hook/pythonpath.ps1'
[3.987s] INFO:colcon.colcon_core.shell:Creating environment descriptor '/home/dong/drone_kkk_ws/install/perception_node/share/perception_node/hook/pythonpath.dsv'
[3.987s] INFO:colcon.colcon_core.shell:Creating environment hook '/home/dong/drone_kkk_ws/install/perception_node/share/perception_node/hook/pythonpath.sh'
[3.988s] Level 1:colcon.colcon_core.environment:checking '/home/dong/drone_kkk_ws/install/perception_node/bin'
[3.988s] Level 1:colcon.colcon_core.environment:create_environment_scripts_only(perception_node)
[3.988s] INFO:colcon.colcon_core.shell:Creating package script '/home/dong/drone_kkk_ws/install/perception_node/share/perception_node/package.ps1'
[3.988s] INFO:colcon.colcon_core.shell:Creating package descriptor '/home/dong/drone_kkk_ws/install/perception_node/share/perception_node/package.dsv'
[3.988s] INFO:colcon.colcon_core.shell:Creating package script '/home/dong/drone_kkk_ws/install/perception_node/share/perception_node/package.sh'
[3.989s] INFO:colcon.colcon_core.shell:Creating package script '/home/dong/drone_kkk_ws/install/perception_node/share/perception_node/package.bash'
[3.989s] INFO:colcon.colcon_core.shell:Creating package script '/home/dong/drone_kkk_ws/install/perception_node/share/perception_node/package.zsh'
[3.989s] Level 1:colcon.colcon_core.environment:create_file_with_runtime_dependencies(/home/dong/drone_kkk_ws/install/perception_node/share/colcon-core/packages/perception_node)
[3.990s] Level 1:colcon.colcon_core.environment:checking '/home/dong/drone_kkk_ws/install/decision_node' for CMake module files
[3.990s] DEBUG:colcon.colcon_core.event_handler.log_command:Invoked command in '/home/dong/drone_kkk_ws/src/decision_node' returned '0': CMAKE_PREFIX_PATH=/home/dong/drone_kkk_ws/install/drone_msgs:/home/dong/drone_kkk_ws/install/px4 LD_LIBRARY_PATH=/home/dong/drone_kkk_ws/install/drone_msgs/lib:/home/dong/drone_kkk_ws/install/px4/lib:/opt/ros/humble/lib/x86_64-linux-gnu:/opt/ros/humble/lib PYTHONPATH=/home/dong/drone_kkk_ws/build/decision_node/prefix_override:/usr/lib/python3/dist-packages/colcon_core/task/python/colcon_distutils_commands:/home/dong/drone_kkk_ws/install/decision_node/lib/python3.10/site-packages:${PYTHONPATH} /usr/bin/python3 -W ignore:setup.py install is deprecated -W ignore:easy_install command is deprecated setup.py egg_info --egg-base ../../build/decision_node build --build-base /home/dong/drone_kkk_ws/build/decision_node/build install --record /home/dong/drone_kkk_ws/build/decision_node/install.log --single-version-externally-managed install_data
[3.990s] Level 1:colcon.colcon_core.environment:checking '/home/dong/drone_kkk_ws/install/decision_node' for CMake config files
[3.990s] Level 1:colcon.colcon_core.environment:checking '/home/dong/drone_kkk_ws/install/decision_node/lib'
[3.990s] Level 1:colcon.colcon_core.environment:checking '/home/dong/drone_kkk_ws/install/decision_node/bin'
[3.991s] Level 1:colcon.colcon_core.environment:checking '/home/dong/drone_kkk_ws/install/decision_node/lib/pkgconfig/decision_node.pc'
[3.991s] Level 1:colcon.colcon_core.environment:checking '/home/dong/drone_kkk_ws/install/decision_node/lib/python3.10/site-packages'
[3.991s] Level 1:colcon.colcon_core.shell:create_environment_hook('decision_node', 'pythonpath')
[3.991s] INFO:colcon.colcon_core.shell:Creating environment hook '/home/dong/drone_kkk_ws/install/decision_node/share/decision_node/hook/pythonpath.ps1'
[3.991s] INFO:colcon.colcon_core.shell:Creating environment descriptor '/home/dong/drone_kkk_ws/install/decision_node/share/decision_node/hook/pythonpath.dsv'
[3.991s] INFO:colcon.colcon_core.shell:Creating environment hook '/home/dong/drone_kkk_ws/install/decision_node/share/decision_node/hook/pythonpath.sh'
[3.992s] Level 1:colcon.colcon_core.environment:checking '/home/dong/drone_kkk_ws/install/decision_node/bin'
[3.992s] Level 1:colcon.colcon_core.environment:create_environment_scripts_only(decision_node)
[3.992s] INFO:colcon.colcon_core.shell:Creating package script '/home/dong/drone_kkk_ws/install/decision_node/share/decision_node/package.ps1'
[3.992s] INFO:colcon.colcon_core.shell:Creating package descriptor '/home/dong/drone_kkk_ws/install/decision_node/share/decision_node/package.dsv'
[3.992s] INFO:colcon.colcon_core.shell:Creating package script '/home/dong/drone_kkk_ws/install/decision_node/share/decision_node/package.sh'
[3.992s] INFO:colcon.colcon_core.shell:Creating package script '/home/dong/drone_kkk_ws/install/decision_node/share/decision_node/package.bash'
[3.993s] INFO:colcon.colcon_core.shell:Creating package script '/home/dong/drone_kkk_ws/install/decision_node/share/decision_node/package.zsh'
[3.993s] Level 1:colcon.colcon_core.environment:create_file_with_runtime_dependencies(/home/dong/drone_kkk_ws/install/decision_node/share/colcon-core/packages/decision_node)
[21.977s] DEBUG:colcon.colcon_core.event_handler.log_command:Invoked command in '/home/dong/drone_kkk_ws/build/px4' returned '0': CMAKE_PREFIX_PATH=${CMAKE_PREFIX_PATH}:/home/dong/drone_kkk_ws/install/perception_node:/home/dong/drone_kkk_ws/install/decision_node:/opt/ros/humble /usr/bin/cmake /home/dong/drone_kkk_ws/PX4-Autopilot -DCMAKE_INSTALL_PREFIX=/home/dong/drone_kkk_ws/install/px4
[21.977s] DEBUG:colcon.colcon_core.event_handler.log_command:Invoking command in '/home/dong/drone_kkk_ws/build/px4': CMAKE_PREFIX_PATH=${CMAKE_PREFIX_PATH}:/home/dong/drone_kkk_ws/install/perception_node:/home/dong/drone_kkk_ws/install/decision_node:/opt/ros/humble /usr/bin/cmake --build /home/dong/drone_kkk_ws/build/px4 -- -j20 -l20
[131.276s] DEBUG:colcon.colcon_core.event_handler.log_command:Invoked command in '/home/dong/drone_kkk_ws/build/px4' returned '0': CMAKE_PREFIX_PATH=${CMAKE_PREFIX_PATH}:/home/dong/drone_kkk_ws/install/perception_node:/home/dong/drone_kkk_ws/install/decision_node:/opt/ros/humble /usr/bin/cmake --build /home/dong/drone_kkk_ws/build/px4 -- -j20 -l20
[131.280s] DEBUG:colcon.colcon_core.event_handler.log_command:Invoking command in '/home/dong/drone_kkk_ws/build/px4': CMAKE_PREFIX_PATH=${CMAKE_PREFIX_PATH}:/home/dong/drone_kkk_ws/install/perception_node:/home/dong/drone_kkk_ws/install/decision_node:/opt/ros/humble /usr/bin/cmake --install /home/dong/drone_kkk_ws/build/px4
[131.885s] Level 1:colcon.colcon_core.environment:create_environment_scripts_only(px4)
[131.885s] Level 1:colcon.colcon_core.environment:checking '/home/dong/drone_kkk_ws/install/px4' for CMake module files
[131.885s] DEBUG:colcon.colcon_core.event_handler.log_command:Invoked command in '/home/dong/drone_kkk_ws/build/px4' returned '0': CMAKE_PREFIX_PATH=${CMAKE_PREFIX_PATH}:/home/dong/drone_kkk_ws/install/perception_node:/home/dong/drone_kkk_ws/install/decision_node:/opt/ros/humble /usr/bin/cmake --install /home/dong/drone_kkk_ws/build/px4
[131.885s] Level 1:colcon.colcon_core.environment:checking '/home/dong/drone_kkk_ws/install/px4' for CMake config files
[131.887s] Level 1:colcon.colcon_core.shell:create_environment_hook('px4', 'cmake_prefix_path')
[131.887s] INFO:colcon.colcon_core.shell:Creating environment hook '/home/dong/drone_kkk_ws/install/px4/share/px4/hook/cmake_prefix_path.ps1'
[131.888s] INFO:colcon.colcon_core.shell:Creating environment descriptor '/home/dong/drone_kkk_ws/install/px4/share/px4/hook/cmake_prefix_path.dsv'
[131.888s] INFO:colcon.colcon_core.shell:Creating environment hook '/home/dong/drone_kkk_ws/install/px4/share/px4/hook/cmake_prefix_path.sh'
[131.888s] Level 1:colcon.colcon_core.environment:checking '/home/dong/drone_kkk_ws/install/px4/lib'
[131.888s] Level 1:colcon.colcon_core.shell:create_environment_hook('px4', 'ld_library_path_lib')
[131.888s] INFO:colcon.colcon_core.shell:Creating environment hook '/home/dong/drone_kkk_ws/install/px4/share/px4/hook/ld_library_path_lib.ps1'
[131.888s] INFO:colcon.colcon_core.shell:Creating environment descriptor '/home/dong/drone_kkk_ws/install/px4/share/px4/hook/ld_library_path_lib.dsv'
[131.889s] INFO:colcon.colcon_core.shell:Creating environment hook '/home/dong/drone_kkk_ws/install/px4/share/px4/hook/ld_library_path_lib.sh'
[131.889s] Level 1:colcon.colcon_core.environment:checking '/home/dong/drone_kkk_ws/install/px4/bin'
[131.889s] Level 1:colcon.colcon_core.environment:checking '/home/dong/drone_kkk_ws/install/px4/lib/pkgconfig/px4.pc'
[131.889s] Level 1:colcon.colcon_core.environment:checking '/home/dong/drone_kkk_ws/install/px4/lib/python3.10/site-packages'
[131.889s] Level 1:colcon.colcon_core.environment:checking '/home/dong/drone_kkk_ws/install/px4/bin'
[131.889s] INFO:colcon.colcon_core.shell:Creating package script '/home/dong/drone_kkk_ws/install/px4/share/px4/package.ps1'
[131.889s] INFO:colcon.colcon_core.shell:Creating package descriptor '/home/dong/drone_kkk_ws/install/px4/share/px4/package.dsv'
[131.890s] INFO:colcon.colcon_core.shell:Creating package script '/home/dong/drone_kkk_ws/install/px4/share/px4/package.sh'
[131.890s] INFO:colcon.colcon_core.shell:Creating package script '/home/dong/drone_kkk_ws/install/px4/share/px4/package.bash'
[131.890s] INFO:colcon.colcon_core.shell:Creating package script '/home/dong/drone_kkk_ws/install/px4/share/px4/package.zsh'
[131.890s] Level 1:colcon.colcon_core.environment:create_file_with_runtime_dependencies(/home/dong/drone_kkk_ws/install/px4/share/colcon-core/packages/px4)
[131.891s] Level 1:colcon.colcon_core.environment:create_environment_scripts_only(px4)
[131.891s] Level 1:colcon.colcon_core.environment:checking '/home/dong/drone_kkk_ws/install/px4' for CMake module files
[131.891s] Level 1:colcon.colcon_core.environment:checking '/home/dong/drone_kkk_ws/install/px4' for CMake config files
[131.893s] Level 1:colcon.colcon_core.shell:create_environment_hook('px4', 'cmake_prefix_path')
[131.893s] INFO:colcon.colcon_core.shell:Creating environment hook '/home/dong/drone_kkk_ws/install/px4/share/px4/hook/cmake_prefix_path.ps1'
[131.894s] INFO:colcon.colcon_core.shell:Creating environment descriptor '/home/dong/drone_kkk_ws/install/px4/share/px4/hook/cmake_prefix_path.dsv'
[131.894s] INFO:colcon.colcon_core.shell:Creating environment hook '/home/dong/drone_kkk_ws/install/px4/share/px4/hook/cmake_prefix_path.sh'
[131.894s] Level 1:colcon.colcon_core.environment:checking '/home/dong/drone_kkk_ws/install/px4/lib'
[131.894s] Level 1:colcon.colcon_core.shell:create_environment_hook('px4', 'ld_library_path_lib')
[131.894s] INFO:colcon.colcon_core.shell:Creating environment hook '/home/dong/drone_kkk_ws/install/px4/share/px4/hook/ld_library_path_lib.ps1'
[131.894s] INFO:colcon.colcon_core.shell:Creating environment descriptor '/home/dong/drone_kkk_ws/install/px4/share/px4/hook/ld_library_path_lib.dsv'
[131.894s] INFO:colcon.colcon_core.shell:Creating environment hook '/home/dong/drone_kkk_ws/install/px4/share/px4/hook/ld_library_path_lib.sh'
[131.895s] Level 1:colcon.colcon_core.environment:checking '/home/dong/drone_kkk_ws/install/px4/bin'
[131.895s] Level 1:colcon.colcon_core.environment:checking '/home/dong/drone_kkk_ws/install/px4/lib/pkgconfig/px4.pc'
[131.895s] Level 1:colcon.colcon_core.environment:checking '/home/dong/drone_kkk_ws/install/px4/lib/python3.10/site-packages'
[131.895s] Level 1:colcon.colcon_core.environment:checking '/home/dong/drone_kkk_ws/install/px4/bin'
[131.895s] INFO:colcon.colcon_core.shell:Creating package script '/home/dong/drone_kkk_ws/install/px4/share/px4/package.ps1'
[131.895s] INFO:colcon.colcon_core.shell:Creating package descriptor '/home/dong/drone_kkk_ws/install/px4/share/px4/package.dsv'
[131.895s] INFO:colcon.colcon_core.shell:Creating package script '/home/dong/drone_kkk_ws/install/px4/share/px4/package.sh'
[131.896s] INFO:colcon.colcon_core.shell:Creating package script '/home/dong/drone_kkk_ws/install/px4/share/px4/package.bash'
[131.896s] INFO:colcon.colcon_core.shell:Creating package script '/home/dong/drone_kkk_ws/install/px4/share/px4/package.zsh'
[131.896s] Level 1:colcon.colcon_core.environment:create_file_with_runtime_dependencies(/home/dong/drone_kkk_ws/install/px4/share/colcon-core/packages/px4)
[131.896s] DEBUG:colcon.colcon_parallel_executor.executor.parallel:closing loop
[131.896s] DEBUG:colcon.colcon_parallel_executor.executor.parallel:loop closed
[131.896s] DEBUG:colcon.colcon_parallel_executor.executor.parallel:run_until_complete finished with '0'
[131.896s] DEBUG:colcon.colcon_core.event_reactor:joining thread
[131.907s] INFO:colcon.colcon_core.plugin_system:Skipping extension 'colcon_notification.desktop_notification.terminal_notifier': Not used on non-Darwin systems
[131.907s] INFO:colcon.colcon_core.plugin_system:Skipping extension 'colcon_notification.desktop_notification.win32': Not used on non-Windows systems
[131.907s] INFO:colcon.colcon_notification.desktop_notification:Sending desktop notification using 'notify2'
[131.913s] DEBUG:colcon.colcon_core.event_reactor:joined thread
[131.913s] INFO:colcon.colcon_core.shell:Creating prefix script '/home/dong/drone_kkk_ws/install/local_setup.ps1'
[131.914s] INFO:colcon.colcon_core.shell:Creating prefix util module '/home/dong/drone_kkk_ws/install/_local_setup_util_ps1.py'
[131.914s] INFO:colcon.colcon_core.shell:Creating prefix chain script '/home/dong/drone_kkk_ws/install/setup.ps1'
[131.915s] INFO:colcon.colcon_core.shell:Creating prefix script '/home/dong/drone_kkk_ws/install/local_setup.sh'
[131.915s] INFO:colcon.colcon_core.shell:Creating prefix util module '/home/dong/drone_kkk_ws/install/_local_setup_util_sh.py'
[131.915s] INFO:colcon.colcon_core.shell:Creating prefix chain script '/home/dong/drone_kkk_ws/install/setup.sh'
[131.916s] INFO:colcon.colcon_core.shell:Creating prefix script '/home/dong/drone_kkk_ws/install/local_setup.bash'
[131.916s] INFO:colcon.colcon_core.shell:Creating prefix chain script '/home/dong/drone_kkk_ws/install/setup.bash'
[131.917s] INFO:colcon.colcon_core.shell:Creating prefix script '/home/dong/drone_kkk_ws/install/local_setup.zsh'
[131.917s] INFO:colcon.colcon_core.shell:Creating prefix chain script '/home/dong/drone_kkk_ws/install/setup.zsh'
