running egg_info
creating ../../build/decision_node/decision_node.egg-info
writing ../../build/decision_node/decision_node.egg-info/PKG-INFO
writing dependency_links to ../../build/decision_node/decision_node.egg-info/dependency_links.txt
writing entry points to ../../build/decision_node/decision_node.egg-info/entry_points.txt
writing requirements to ../../build/decision_node/decision_node.egg-info/requires.txt
writing top-level names to ../../build/decision_node/decision_node.egg-info/top_level.txt
writing manifest file '../../build/decision_node/decision_node.egg-info/SOURCES.txt'
reading manifest file '../../build/decision_node/decision_node.egg-info/SOURCES.txt'
writing manifest file '../../build/decision_node/decision_node.egg-info/SOURCES.txt'
running build
running build_py
creating /home/dong/drone_kkk_ws/build/decision_node/build
creating /home/dong/drone_kkk_ws/build/decision_node/build/lib
creating /home/dong/drone_kkk_ws/build/decision_node/build/lib/decision_node
copying decision_node/__init__.py -> /home/dong/drone_kkk_ws/build/decision_node/build/lib/decision_node
creating /home/dong/drone_kkk_ws/build/decision_node/build/lib/decision_node/mission_waypoint
copying decision_node/mission_waypoint/__init__.py -> /home/dong/drone_kkk_ws/build/decision_node/build/lib/decision_node/mission_waypoint
copying decision_node/mission_waypoint/waypoint_fsm.py -> /home/dong/drone_kkk_ws/build/decision_node/build/lib/decision_node/mission_waypoint
running install
running install_lib
creating /home/dong/drone_kkk_ws/install/decision_node/lib/python3.10/site-packages/decision_node
creating /home/dong/drone_kkk_ws/install/decision_node/lib/python3.10/site-packages/decision_node/mission_waypoint
copying /home/dong/drone_kkk_ws/build/decision_node/build/lib/decision_node/mission_waypoint/__init__.py -> /home/dong/drone_kkk_ws/install/decision_node/lib/python3.10/site-packages/decision_node/mission_waypoint
copying /home/dong/drone_kkk_ws/build/decision_node/build/lib/decision_node/mission_waypoint/waypoint_fsm.py -> /home/dong/drone_kkk_ws/install/decision_node/lib/python3.10/site-packages/decision_node/mission_waypoint
copying /home/dong/drone_kkk_ws/build/decision_node/build/lib/decision_node/__init__.py -> /home/dong/drone_kkk_ws/install/decision_node/lib/python3.10/site-packages/decision_node
byte-compiling /home/dong/drone_kkk_ws/install/decision_node/lib/python3.10/site-packages/decision_node/mission_waypoint/__init__.py to __init__.cpython-310.pyc
byte-compiling /home/dong/drone_kkk_ws/install/decision_node/lib/python3.10/site-packages/decision_node/mission_waypoint/waypoint_fsm.py to waypoint_fsm.cpython-310.pyc
byte-compiling /home/dong/drone_kkk_ws/install/decision_node/lib/python3.10/site-packages/decision_node/__init__.py to __init__.cpython-310.pyc
running install_data
creating /home/dong/drone_kkk_ws/install/decision_node/share/ament_index
creating /home/dong/drone_kkk_ws/install/decision_node/share/ament_index/resource_index
creating /home/dong/drone_kkk_ws/install/decision_node/share/ament_index/resource_index/packages
copying resource/decision_node -> /home/dong/drone_kkk_ws/install/decision_node/share/ament_index/resource_index/packages
copying package.xml -> /home/dong/drone_kkk_ws/install/decision_node/share/decision_node
running install_egg_info
Copying ../../build/decision_node/decision_node.egg-info to /home/dong/drone_kkk_ws/install/decision_node/lib/python3.10/site-packages/decision_node-0.0.1-py3.10.egg-info
running install_scripts
Installing waypoint_fsm script to /home/dong/drone_kkk_ws/install/decision_node/lib/decision_node
writing list of installed files to '/home/dong/drone_kkk_ws/build/decision_node/install.log'
