running egg_info
creating ../../build/perception_node/perception_node.egg-info
writing ../../build/perception_node/perception_node.egg-info/PKG-INFO
writing dependency_links to ../../build/perception_node/perception_node.egg-info/dependency_links.txt
writing entry points to ../../build/perception_node/perception_node.egg-info/entry_points.txt
writing requirements to ../../build/perception_node/perception_node.egg-info/requires.txt
writing top-level names to ../../build/perception_node/perception_node.egg-info/top_level.txt
writing manifest file '../../build/perception_node/perception_node.egg-info/SOURCES.txt'
reading manifest file '../../build/perception_node/perception_node.egg-info/SOURCES.txt'
writing manifest file '../../build/perception_node/perception_node.egg-info/SOURCES.txt'
running build
running build_py
creating /home/dong/drone_kkk_ws/build/perception_node/build
creating /home/dong/drone_kkk_ws/build/perception_node/build/lib
creating /home/dong/drone_kkk_ws/build/perception_node/build/lib/perception_node
copying perception_node/__init__.py -> /home/dong/drone_kkk_ws/build/perception_node/build/lib/perception_node
creating /home/dong/drone_kkk_ws/build/perception_node/build/lib/perception_node/camera
copying perception_node/camera/__init__.py -> /home/dong/drone_kkk_ws/build/perception_node/build/lib/perception_node/camera
creating /home/dong/drone_kkk_ws/build/perception_node/build/lib/perception_node/camera/mission_waypoint
copying perception_node/camera/mission_waypoint/__init__.py -> /home/dong/drone_kkk_ws/build/perception_node/build/lib/perception_node/camera/mission_waypoint
copying perception_node/camera/mission_waypoint/waypoint_detector.py -> /home/dong/drone_kkk_ws/build/perception_node/build/lib/perception_node/camera/mission_waypoint
running install
running install_lib
creating /home/dong/drone_kkk_ws/install/perception_node/lib/python3.10/site-packages/perception_node
creating /home/dong/drone_kkk_ws/install/perception_node/lib/python3.10/site-packages/perception_node/camera
creating /home/dong/drone_kkk_ws/install/perception_node/lib/python3.10/site-packages/perception_node/camera/mission_waypoint
copying /home/dong/drone_kkk_ws/build/perception_node/build/lib/perception_node/camera/mission_waypoint/__init__.py -> /home/dong/drone_kkk_ws/install/perception_node/lib/python3.10/site-packages/perception_node/camera/mission_waypoint
copying /home/dong/drone_kkk_ws/build/perception_node/build/lib/perception_node/camera/mission_waypoint/waypoint_detector.py -> /home/dong/drone_kkk_ws/install/perception_node/lib/python3.10/site-packages/perception_node/camera/mission_waypoint
copying /home/dong/drone_kkk_ws/build/perception_node/build/lib/perception_node/camera/__init__.py -> /home/dong/drone_kkk_ws/install/perception_node/lib/python3.10/site-packages/perception_node/camera
copying /home/dong/drone_kkk_ws/build/perception_node/build/lib/perception_node/__init__.py -> /home/dong/drone_kkk_ws/install/perception_node/lib/python3.10/site-packages/perception_node
byte-compiling /home/dong/drone_kkk_ws/install/perception_node/lib/python3.10/site-packages/perception_node/camera/mission_waypoint/__init__.py to __init__.cpython-310.pyc
byte-compiling /home/dong/drone_kkk_ws/install/perception_node/lib/python3.10/site-packages/perception_node/camera/mission_waypoint/waypoint_detector.py to waypoint_detector.cpython-310.pyc
byte-compiling /home/dong/drone_kkk_ws/install/perception_node/lib/python3.10/site-packages/perception_node/camera/__init__.py to __init__.cpython-310.pyc
byte-compiling /home/dong/drone_kkk_ws/install/perception_node/lib/python3.10/site-packages/perception_node/__init__.py to __init__.cpython-310.pyc
running install_data
creating /home/dong/drone_kkk_ws/install/perception_node/share/ament_index
creating /home/dong/drone_kkk_ws/install/perception_node/share/ament_index/resource_index
creating /home/dong/drone_kkk_ws/install/perception_node/share/ament_index/resource_index/packages
copying resource/perception_node -> /home/dong/drone_kkk_ws/install/perception_node/share/ament_index/resource_index/packages
copying package.xml -> /home/dong/drone_kkk_ws/install/perception_node/share/perception_node
running install_egg_info
Copying ../../build/perception_node/perception_node.egg-info to /home/dong/drone_kkk_ws/install/perception_node/lib/python3.10/site-packages/perception_node-0.0.1-py3.10.egg-info
running install_scripts
Installing waypoint_detector script to /home/dong/drone_kkk_ws/install/perception_node/lib/perception_node
writing list of installed files to '/home/dong/drone_kkk_ws/build/perception_node/install.log'
