[0.497s] Invoking command in '/home/dong/drone_kkk_ws/src/perception_node': CMAKE_PREFIX_PATH=/home/dong/drone_kkk_ws/install/drone_msgs:/home/dong/drone_kkk_ws/install/px4 LD_LIBRARY_PATH=/home/dong/drone_kkk_ws/install/drone_msgs/lib:/home/dong/drone_kkk_ws/install/px4/lib:/opt/ros/humble/lib/x86_64-linux-gnu:/opt/ros/humble/lib PYTHONPATH=/home/dong/drone_kkk_ws/build/perception_node/prefix_override:/usr/lib/python3/dist-packages/colcon_core/task/python/colcon_distutils_commands:/home/dong/drone_kkk_ws/install/perception_node/lib/python3.10/site-packages:${PYTHONPATH} /usr/bin/python3 -W ignore:setup.py install is deprecated -W ignore:easy_install command is deprecated setup.py egg_info --egg-base ../../build/perception_node build --build-base /home/dong/drone_kkk_ws/build/perception_node/build install --record /home/dong/drone_kkk_ws/build/perception_node/install.log --single-version-externally-managed install_data
[0.625s] running egg_info
[0.625s] creating ../../build/perception_node/perception_node.egg-info
[0.625s] writing ../../build/perception_node/perception_node.egg-info/PKG-INFO
[0.626s] writing dependency_links to ../../build/perception_node/perception_node.egg-info/dependency_links.txt
[0.626s] writing entry points to ../../build/perception_node/perception_node.egg-info/entry_points.txt
[0.626s] writing requirements to ../../build/perception_node/perception_node.egg-info/requires.txt
[0.626s] writing top-level names to ../../build/perception_node/perception_node.egg-info/top_level.txt
[0.626s] writing manifest file '../../build/perception_node/perception_node.egg-info/SOURCES.txt'
[0.627s] reading manifest file '../../build/perception_node/perception_node.egg-info/SOURCES.txt'
[0.627s] writing manifest file '../../build/perception_node/perception_node.egg-info/SOURCES.txt'
[0.627s] running build
[0.627s] running build_py
[0.627s] creating /home/dong/drone_kkk_ws/build/perception_node/build
[0.627s] creating /home/dong/drone_kkk_ws/build/perception_node/build/lib
[0.627s] creating /home/dong/drone_kkk_ws/build/perception_node/build/lib/perception_node
[0.627s] copying perception_node/__init__.py -> /home/dong/drone_kkk_ws/build/perception_node/build/lib/perception_node
[0.627s] creating /home/dong/drone_kkk_ws/build/perception_node/build/lib/perception_node/camera
[0.628s] copying perception_node/camera/__init__.py -> /home/dong/drone_kkk_ws/build/perception_node/build/lib/perception_node/camera
[0.628s] creating /home/dong/drone_kkk_ws/build/perception_node/build/lib/perception_node/camera/mission_waypoint
[0.628s] copying perception_node/camera/mission_waypoint/__init__.py -> /home/dong/drone_kkk_ws/build/perception_node/build/lib/perception_node/camera/mission_waypoint
[0.628s] copying perception_node/camera/mission_waypoint/waypoint_detector.py -> /home/dong/drone_kkk_ws/build/perception_node/build/lib/perception_node/camera/mission_waypoint
[0.628s] running install
[0.628s] running install_lib
[0.628s] creating /home/dong/drone_kkk_ws/install/perception_node/lib/python3.10/site-packages/perception_node
[0.629s] creating /home/dong/drone_kkk_ws/install/perception_node/lib/python3.10/site-packages/perception_node/camera
[0.629s] creating /home/dong/drone_kkk_ws/install/perception_node/lib/python3.10/site-packages/perception_node/camera/mission_waypoint
[0.629s] copying /home/dong/drone_kkk_ws/build/perception_node/build/lib/perception_node/camera/mission_waypoint/__init__.py -> /home/dong/drone_kkk_ws/install/perception_node/lib/python3.10/site-packages/perception_node/camera/mission_waypoint
[0.629s] copying /home/dong/drone_kkk_ws/build/perception_node/build/lib/perception_node/camera/mission_waypoint/waypoint_detector.py -> /home/dong/drone_kkk_ws/install/perception_node/lib/python3.10/site-packages/perception_node/camera/mission_waypoint
[0.629s] copying /home/dong/drone_kkk_ws/build/perception_node/build/lib/perception_node/camera/__init__.py -> /home/dong/drone_kkk_ws/install/perception_node/lib/python3.10/site-packages/perception_node/camera
[0.629s] copying /home/dong/drone_kkk_ws/build/perception_node/build/lib/perception_node/__init__.py -> /home/dong/drone_kkk_ws/install/perception_node/lib/python3.10/site-packages/perception_node
[0.629s] byte-compiling /home/dong/drone_kkk_ws/install/perception_node/lib/python3.10/site-packages/perception_node/camera/mission_waypoint/__init__.py to __init__.cpython-310.pyc
[0.629s] byte-compiling /home/dong/drone_kkk_ws/install/perception_node/lib/python3.10/site-packages/perception_node/camera/mission_waypoint/waypoint_detector.py to waypoint_detector.cpython-310.pyc
[0.629s] byte-compiling /home/dong/drone_kkk_ws/install/perception_node/lib/python3.10/site-packages/perception_node/camera/__init__.py to __init__.cpython-310.pyc
[0.629s] byte-compiling /home/dong/drone_kkk_ws/install/perception_node/lib/python3.10/site-packages/perception_node/__init__.py to __init__.cpython-310.pyc
[0.629s] running install_data
[0.629s] creating /home/dong/drone_kkk_ws/install/perception_node/share/ament_index
[0.629s] creating /home/dong/drone_kkk_ws/install/perception_node/share/ament_index/resource_index
[0.630s] creating /home/dong/drone_kkk_ws/install/perception_node/share/ament_index/resource_index/packages
[0.630s] copying resource/perception_node -> /home/dong/drone_kkk_ws/install/perception_node/share/ament_index/resource_index/packages
[0.630s] copying package.xml -> /home/dong/drone_kkk_ws/install/perception_node/share/perception_node
[0.630s] running install_egg_info
[0.631s] Copying ../../build/perception_node/perception_node.egg-info to /home/dong/drone_kkk_ws/install/perception_node/lib/python3.10/site-packages/perception_node-0.0.1-py3.10.egg-info
[0.631s] running install_scripts
[0.645s] Installing waypoint_detector script to /home/dong/drone_kkk_ws/install/perception_node/lib/perception_node
[0.645s] writing list of installed files to '/home/dong/drone_kkk_ws/build/perception_node/install.log'
[0.661s] Invoked command in '/home/dong/drone_kkk_ws/src/perception_node' returned '0': CMAKE_PREFIX_PATH=/home/dong/drone_kkk_ws/install/drone_msgs:/home/dong/drone_kkk_ws/install/px4 LD_LIBRARY_PATH=/home/dong/drone_kkk_ws/install/drone_msgs/lib:/home/dong/drone_kkk_ws/install/px4/lib:/opt/ros/humble/lib/x86_64-linux-gnu:/opt/ros/humble/lib PYTHONPATH=/home/dong/drone_kkk_ws/build/perception_node/prefix_override:/usr/lib/python3/dist-packages/colcon_core/task/python/colcon_distutils_commands:/home/dong/drone_kkk_ws/install/perception_node/lib/python3.10/site-packages:${PYTHONPATH} /usr/bin/python3 -W ignore:setup.py install is deprecated -W ignore:easy_install command is deprecated setup.py egg_info --egg-base ../../build/perception_node build --build-base /home/dong/drone_kkk_ws/build/perception_node/build install --record /home/dong/drone_kkk_ws/build/perception_node/install.log --single-version-externally-managed install_data
