-- The C compiler identification is GNU 11.4.0
-- The CXX compiler identification is GNU 11.4.0
-- Detecting C compiler ABI info
-- Detecting C compiler ABI info - done
-- Check for working C compiler: /usr/bin/cc - skipped
-- Detecting C compile features
-- Detecting C compile features - done
-- Detecting CXX compiler ABI info
-- Detecting CXX compiler ABI info - done
-- Check for working CXX compiler: /usr/bin/c++ - skipped
-- Detecting CXX compile features
-- Detecting CXX compile features - done
-- Found ament_cmake: 1.3.12 (/opt/ros/humble/share/ament_cmake/cmake)
-- Found Python3: /usr/bin/python3 (found version "3.10.12") found components: Interpreter 
-- Found rosidl_default_generators: 1.2.0 (/opt/ros/humble/share/rosidl_default_generators/cmake)
-- Using all available rosidl_typesupport_c: rosidl_typesupport_fastrtps_c;rosidl_typesupport_introspection_c
-- Found rosidl_adapter: 3.1.7 (/opt/ros/humble/share/rosidl_adapter/cmake)
-- Using all available rosidl_typesupport_cpp: rosidl_typesupport_fastrtps_cpp;rosidl_typesupport_introspection_cpp
-- Found ament_cmake_ros: 0.10.0 (/opt/ros/humble/share/ament_cmake_ros/cmake)
-- Using all available rosidl_typesupport_c: rosidl_typesupport_fastrtps_c;rosidl_typesupport_introspection_c
-- Using all available rosidl_typesupport_cpp: rosidl_typesupport_fastrtps_cpp;rosidl_typesupport_introspection_cpp
-- Found PythonInterp: /usr/bin/python3 (found suitable version "3.10.12", minimum required is "3.6") 
-- Found python_cmake_module: 0.10.0 (/opt/ros/humble/share/python_cmake_module/cmake)
-- Found PythonLibs: /usr/lib/x86_64-linux-gnu/libpython3.10.so (found suitable version "3.10.12", minimum required is "3.5") 
-- Using PYTHON_EXECUTABLE: /usr/bin/python3
-- Using PYTHON_INCLUDE_DIRS: /usr/include/python3.10
-- Using PYTHON_LIBRARIES: /usr/lib/x86_64-linux-gnu/libpython3.10.so
-- Found PythonExtra: .so  
-- Configuring done
-- Generating done
-- Build files have been written to: /home/dong/drone_kkk_ws/build/drone_msgs
[  2%] [34m[1mGenerating C code for ROS interfaces[0m
[  5%] [34m[1mGenerating C++ code for ROS interfaces[0m
[  5%] Built target ament_cmake_python_copy_drone_msgs
running egg_info
creating drone_msgs.egg-info
writing drone_msgs.egg-info/PKG-INFO
writing dependency_links to drone_msgs.egg-info/dependency_links.txt
writing top-level names to drone_msgs.egg-info/top_level.txt
writing manifest file 'drone_msgs.egg-info/SOURCES.txt'
reading manifest file 'drone_msgs.egg-info/SOURCES.txt'
writing manifest file 'drone_msgs.egg-info/SOURCES.txt'
[  5%] Built target ament_cmake_python_build_drone_msgs_egg
[  5%] Built target drone_msgs__cpp
[  7%] [34m[1mGenerating C++ type support dispatch for ROS interfaces[0m
[ 10%] [32mBuilding C object CMakeFiles/drone_msgs__rosidl_generator_c.dir/rosidl_generator_c/drone_msgs/msg/detail/marker_center__functions.c.o[0m
[ 12%] [34m[1mGenerating C++ type support for eProsima Fast-RTPS[0m
[ 15%] [34m[1mGenerating C++ introspection for ROS interfaces[0m
[ 17%] [32mBuilding C object CMakeFiles/drone_msgs__rosidl_generator_c.dir/rosidl_generator_c/drone_msgs/msg/detail/waypoint__functions.c.o[0m
[ 20%] [32m[1mLinking C shared library libdrone_msgs__rosidl_generator_c.so[0m
[ 20%] Built target drone_msgs__rosidl_generator_c
[ 23%] [34m[1mGenerating C type support dispatch for ROS interfaces[0m
[ 28%] [34m[1mGenerating C type support for eProsima Fast-RTPS[0m
[ 28%] [34m[1mGenerating C introspection for ROS interfaces[0m
[ 30%] [32mBuilding CXX object CMakeFiles/drone_msgs__rosidl_typesupport_introspection_cpp.dir/rosidl_typesupport_introspection_cpp/drone_msgs/msg/detail/marker_center__type_support.cpp.o[0m
[ 33%] [32mBuilding CXX object CMakeFiles/drone_msgs__rosidl_typesupport_introspection_cpp.dir/rosidl_typesupport_introspection_cpp/drone_msgs/msg/detail/waypoint__type_support.cpp.o[0m
[ 35%] [32mBuilding CXX object CMakeFiles/drone_msgs__rosidl_typesupport_cpp.dir/rosidl_typesupport_cpp/drone_msgs/msg/waypoint__type_support.cpp.o[0m
[ 38%] [32mBuilding CXX object CMakeFiles/drone_msgs__rosidl_typesupport_cpp.dir/rosidl_typesupport_cpp/drone_msgs/msg/marker_center__type_support.cpp.o[0m
[ 41%] [32mBuilding CXX object CMakeFiles/drone_msgs__rosidl_typesupport_fastrtps_cpp.dir/rosidl_typesupport_fastrtps_cpp/drone_msgs/msg/detail/dds_fastrtps/waypoint__type_support.cpp.o[0m
[ 43%] [32mBuilding CXX object CMakeFiles/drone_msgs__rosidl_typesupport_fastrtps_cpp.dir/rosidl_typesupport_fastrtps_cpp/drone_msgs/msg/detail/dds_fastrtps/marker_center__type_support.cpp.o[0m
[ 48%] [32mBuilding C object CMakeFiles/drone_msgs__rosidl_typesupport_introspection_c.dir/rosidl_typesupport_introspection_c/drone_msgs/msg/detail/waypoint__type_support.c.o[0m
[ 48%] [32mBuilding C object CMakeFiles/drone_msgs__rosidl_typesupport_introspection_c.dir/rosidl_typesupport_introspection_c/drone_msgs/msg/detail/marker_center__type_support.c.o[0m
[ 53%] [32mBuilding CXX object CMakeFiles/drone_msgs__rosidl_typesupport_fastrtps_c.dir/rosidl_typesupport_fastrtps_c/drone_msgs/msg/detail/waypoint__type_support_c.cpp.o[0m
[ 53%] [32mBuilding CXX object CMakeFiles/drone_msgs__rosidl_typesupport_fastrtps_c.dir/rosidl_typesupport_fastrtps_c/drone_msgs/msg/detail/marker_center__type_support_c.cpp.o[0m
[ 56%] [32mBuilding CXX object CMakeFiles/drone_msgs__rosidl_typesupport_c.dir/rosidl_typesupport_c/drone_msgs/msg/marker_center__type_support.cpp.o[0m
[ 58%] [32mBuilding CXX object CMakeFiles/drone_msgs__rosidl_typesupport_c.dir/rosidl_typesupport_c/drone_msgs/msg/waypoint__type_support.cpp.o[0m
[ 61%] [32m[1mLinking C shared library libdrone_msgs__rosidl_typesupport_introspection_c.so[0m
[ 64%] [32m[1mLinking CXX shared library libdrone_msgs__rosidl_typesupport_c.so[0m
[ 64%] Built target drone_msgs__rosidl_typesupport_introspection_c
[ 64%] Built target drone_msgs__rosidl_typesupport_c
[ 66%] [32m[1mLinking CXX shared library libdrone_msgs__rosidl_typesupport_cpp.so[0m
[ 69%] [32m[1mLinking CXX shared library libdrone_msgs__rosidl_typesupport_introspection_cpp.so[0m
[ 69%] Built target drone_msgs__rosidl_typesupport_cpp
[ 69%] Built target drone_msgs__rosidl_typesupport_introspection_cpp
[ 71%] [32m[1mLinking CXX shared library libdrone_msgs__rosidl_typesupport_fastrtps_cpp.so[0m
[ 74%] [32m[1mLinking CXX shared library libdrone_msgs__rosidl_typesupport_fastrtps_c.so[0m
[ 74%] Built target drone_msgs__rosidl_typesupport_fastrtps_cpp
[ 74%] Built target drone_msgs__rosidl_typesupport_fastrtps_c
[ 74%] Built target drone_msgs
[ 76%] [34m[1mGenerating Python code for ROS interfaces[0m
[ 76%] Built target drone_msgs__py
[ 79%] [32mBuilding C object CMakeFiles/drone_msgs__rosidl_generator_py.dir/rosidl_generator_py/drone_msgs/msg/_waypoint_s.c.o[0m
[ 82%] [32mBuilding C object CMakeFiles/drone_msgs__rosidl_generator_py.dir/rosidl_generator_py/drone_msgs/msg/_marker_center_s.c.o[0m
[ 84%] [32m[1mLinking C shared library rosidl_generator_py/drone_msgs/libdrone_msgs__rosidl_generator_py.so[0m
[ 84%] Built target drone_msgs__rosidl_generator_py
[ 87%] [32mBuilding C object CMakeFiles/drone_msgs__rosidl_typesupport_c__pyext.dir/rosidl_generator_py/drone_msgs/_drone_msgs_s.ep.rosidl_typesupport_c.c.o[0m
[ 89%] [32mBuilding C object CMakeFiles/drone_msgs__rosidl_typesupport_fastrtps_c__pyext.dir/rosidl_generator_py/drone_msgs/_drone_msgs_s.ep.rosidl_typesupport_fastrtps_c.c.o[0m
[ 92%] [32mBuilding C object CMakeFiles/drone_msgs__rosidl_typesupport_introspection_c__pyext.dir/rosidl_generator_py/drone_msgs/_drone_msgs_s.ep.rosidl_typesupport_introspection_c.c.o[0m
[ 94%] [32m[1mLinking C shared library rosidl_generator_py/drone_msgs/drone_msgs_s__rosidl_typesupport_introspection_c.cpython-310-x86_64-linux-gnu.so[0m
[ 97%] [32m[1mLinking C shared library rosidl_generator_py/drone_msgs/drone_msgs_s__rosidl_typesupport_c.cpython-310-x86_64-linux-gnu.so[0m
[100%] [32m[1mLinking C shared library rosidl_generator_py/drone_msgs/drone_msgs_s__rosidl_typesupport_fastrtps_c.cpython-310-x86_64-linux-gnu.so[0m
[100%] Built target drone_msgs__rosidl_typesupport_introspection_c__pyext
[100%] Built target drone_msgs__rosidl_typesupport_c__pyext
[100%] Built target drone_msgs__rosidl_typesupport_fastrtps_c__pyext
-- Install configuration: ""
-- Installing: /home/dong/drone_kkk_ws/install/drone_msgs/share/ament_index/resource_index/rosidl_interfaces/drone_msgs
-- Installing: /home/dong/drone_kkk_ws/install/drone_msgs/include/drone_msgs/drone_msgs
-- Installing: /home/dong/drone_kkk_ws/install/drone_msgs/include/drone_msgs/drone_msgs/msg
-- Installing: /home/dong/drone_kkk_ws/install/drone_msgs/include/drone_msgs/drone_msgs/msg/waypoint.h
-- Installing: /home/dong/drone_kkk_ws/install/drone_msgs/include/drone_msgs/drone_msgs/msg/detail
-- Installing: /home/dong/drone_kkk_ws/install/drone_msgs/include/drone_msgs/drone_msgs/msg/detail/waypoint__functions.c
-- Installing: /home/dong/drone_kkk_ws/install/drone_msgs/include/drone_msgs/drone_msgs/msg/detail/marker_center__type_support.h
-- Installing: /home/dong/drone_kkk_ws/install/drone_msgs/include/drone_msgs/drone_msgs/msg/detail/waypoint__struct.h
-- Installing: /home/dong/drone_kkk_ws/install/drone_msgs/include/drone_msgs/drone_msgs/msg/detail/marker_center__struct.h
-- Installing: /home/dong/drone_kkk_ws/install/drone_msgs/include/drone_msgs/drone_msgs/msg/detail/waypoint__type_support.h
-- Installing: /home/dong/drone_kkk_ws/install/drone_msgs/include/drone_msgs/drone_msgs/msg/detail/waypoint__functions.h
-- Installing: /home/dong/drone_kkk_ws/install/drone_msgs/include/drone_msgs/drone_msgs/msg/detail/marker_center__functions.c
-- Installing: /home/dong/drone_kkk_ws/install/drone_msgs/include/drone_msgs/drone_msgs/msg/detail/marker_center__functions.h
-- Installing: /home/dong/drone_kkk_ws/install/drone_msgs/include/drone_msgs/drone_msgs/msg/marker_center.h
-- Installing: /home/dong/drone_kkk_ws/install/drone_msgs/include/drone_msgs/drone_msgs/msg/rosidl_generator_c__visibility_control.h
-- Installing: /home/dong/drone_kkk_ws/install/drone_msgs/share/drone_msgs/environment/library_path.sh
-- Installing: /home/dong/drone_kkk_ws/install/drone_msgs/share/drone_msgs/environment/library_path.dsv
-- Installing: /home/dong/drone_kkk_ws/install/drone_msgs/lib/libdrone_msgs__rosidl_generator_c.so
-- Set runtime path of "/home/dong/drone_kkk_ws/install/drone_msgs/lib/libdrone_msgs__rosidl_generator_c.so" to ""
-- Up-to-date: /home/dong/drone_kkk_ws/install/drone_msgs/include/drone_msgs/drone_msgs
-- Up-to-date: /home/dong/drone_kkk_ws/install/drone_msgs/include/drone_msgs/drone_msgs/msg
-- Installing: /home/dong/drone_kkk_ws/install/drone_msgs/include/drone_msgs/drone_msgs/msg/rosidl_typesupport_fastrtps_c__visibility_control.h
-- Up-to-date: /home/dong/drone_kkk_ws/install/drone_msgs/include/drone_msgs/drone_msgs/msg/detail
-- Installing: /home/dong/drone_kkk_ws/install/drone_msgs/include/drone_msgs/drone_msgs/msg/detail/marker_center__rosidl_typesupport_fastrtps_c.h
-- Installing: /home/dong/drone_kkk_ws/install/drone_msgs/include/drone_msgs/drone_msgs/msg/detail/waypoint__rosidl_typesupport_fastrtps_c.h
-- Installing: /home/dong/drone_kkk_ws/install/drone_msgs/lib/libdrone_msgs__rosidl_typesupport_fastrtps_c.so
-- Set runtime path of "/home/dong/drone_kkk_ws/install/drone_msgs/lib/libdrone_msgs__rosidl_typesupport_fastrtps_c.so" to ""
-- Up-to-date: /home/dong/drone_kkk_ws/install/drone_msgs/include/drone_msgs/drone_msgs
-- Up-to-date: /home/dong/drone_kkk_ws/install/drone_msgs/include/drone_msgs/drone_msgs/msg
-- Installing: /home/dong/drone_kkk_ws/install/drone_msgs/include/drone_msgs/drone_msgs/msg/rosidl_typesupport_introspection_c__visibility_control.h
-- Up-to-date: /home/dong/drone_kkk_ws/install/drone_msgs/include/drone_msgs/drone_msgs/msg/detail
-- Installing: /home/dong/drone_kkk_ws/install/drone_msgs/include/drone_msgs/drone_msgs/msg/detail/waypoint__type_support.c
-- Installing: /home/dong/drone_kkk_ws/install/drone_msgs/include/drone_msgs/drone_msgs/msg/detail/waypoint__rosidl_typesupport_introspection_c.h
-- Installing: /home/dong/drone_kkk_ws/install/drone_msgs/include/drone_msgs/drone_msgs/msg/detail/marker_center__type_support.c
-- Installing: /home/dong/drone_kkk_ws/install/drone_msgs/include/drone_msgs/drone_msgs/msg/detail/marker_center__rosidl_typesupport_introspection_c.h
-- Installing: /home/dong/drone_kkk_ws/install/drone_msgs/lib/libdrone_msgs__rosidl_typesupport_introspection_c.so
-- Set runtime path of "/home/dong/drone_kkk_ws/install/drone_msgs/lib/libdrone_msgs__rosidl_typesupport_introspection_c.so" to ""
-- Installing: /home/dong/drone_kkk_ws/install/drone_msgs/lib/libdrone_msgs__rosidl_typesupport_c.so
-- Set runtime path of "/home/dong/drone_kkk_ws/install/drone_msgs/lib/libdrone_msgs__rosidl_typesupport_c.so" to ""
-- Up-to-date: /home/dong/drone_kkk_ws/install/drone_msgs/include/drone_msgs/drone_msgs
-- Up-to-date: /home/dong/drone_kkk_ws/install/drone_msgs/include/drone_msgs/drone_msgs/msg
-- Installing: /home/dong/drone_kkk_ws/install/drone_msgs/include/drone_msgs/drone_msgs/msg/marker_center.hpp
-- Installing: /home/dong/drone_kkk_ws/install/drone_msgs/include/drone_msgs/drone_msgs/msg/rosidl_generator_cpp__visibility_control.hpp
-- Up-to-date: /home/dong/drone_kkk_ws/install/drone_msgs/include/drone_msgs/drone_msgs/msg/detail
-- Installing: /home/dong/drone_kkk_ws/install/drone_msgs/include/drone_msgs/drone_msgs/msg/detail/waypoint__traits.hpp
-- Installing: /home/dong/drone_kkk_ws/install/drone_msgs/include/drone_msgs/drone_msgs/msg/detail/waypoint__type_support.hpp
-- Installing: /home/dong/drone_kkk_ws/install/drone_msgs/include/drone_msgs/drone_msgs/msg/detail/marker_center__struct.hpp
-- Installing: /home/dong/drone_kkk_ws/install/drone_msgs/include/drone_msgs/drone_msgs/msg/detail/waypoint__struct.hpp
-- Installing: /home/dong/drone_kkk_ws/install/drone_msgs/include/drone_msgs/drone_msgs/msg/detail/marker_center__type_support.hpp
-- Installing: /home/dong/drone_kkk_ws/install/drone_msgs/include/drone_msgs/drone_msgs/msg/detail/marker_center__traits.hpp
-- Installing: /home/dong/drone_kkk_ws/install/drone_msgs/include/drone_msgs/drone_msgs/msg/detail/waypoint__builder.hpp
-- Installing: /home/dong/drone_kkk_ws/install/drone_msgs/include/drone_msgs/drone_msgs/msg/detail/marker_center__builder.hpp
-- Installing: /home/dong/drone_kkk_ws/install/drone_msgs/include/drone_msgs/drone_msgs/msg/waypoint.hpp
-- Up-to-date: /home/dong/drone_kkk_ws/install/drone_msgs/include/drone_msgs/drone_msgs
-- Up-to-date: /home/dong/drone_kkk_ws/install/drone_msgs/include/drone_msgs/drone_msgs/msg
-- Installing: /home/dong/drone_kkk_ws/install/drone_msgs/include/drone_msgs/drone_msgs/msg/rosidl_typesupport_fastrtps_cpp__visibility_control.h
-- Up-to-date: /home/dong/drone_kkk_ws/install/drone_msgs/include/drone_msgs/drone_msgs/msg/detail
-- Installing: /home/dong/drone_kkk_ws/install/drone_msgs/include/drone_msgs/drone_msgs/msg/detail/dds_fastrtps
-- Installing: /home/dong/drone_kkk_ws/install/drone_msgs/include/drone_msgs/drone_msgs/msg/detail/marker_center__rosidl_typesupport_fastrtps_cpp.hpp
-- Installing: /home/dong/drone_kkk_ws/install/drone_msgs/include/drone_msgs/drone_msgs/msg/detail/waypoint__rosidl_typesupport_fastrtps_cpp.hpp
-- Installing: /home/dong/drone_kkk_ws/install/drone_msgs/lib/libdrone_msgs__rosidl_typesupport_fastrtps_cpp.so
-- Set runtime path of "/home/dong/drone_kkk_ws/install/drone_msgs/lib/libdrone_msgs__rosidl_typesupport_fastrtps_cpp.so" to ""
-- Up-to-date: /home/dong/drone_kkk_ws/install/drone_msgs/include/drone_msgs/drone_msgs
-- Up-to-date: /home/dong/drone_kkk_ws/install/drone_msgs/include/drone_msgs/drone_msgs/msg
-- Up-to-date: /home/dong/drone_kkk_ws/install/drone_msgs/include/drone_msgs/drone_msgs/msg/detail
-- Installing: /home/dong/drone_kkk_ws/install/drone_msgs/include/drone_msgs/drone_msgs/msg/detail/marker_center__type_support.cpp
-- Installing: /home/dong/drone_kkk_ws/install/drone_msgs/include/drone_msgs/drone_msgs/msg/detail/waypoint__type_support.cpp
-- Installing: /home/dong/drone_kkk_ws/install/drone_msgs/include/drone_msgs/drone_msgs/msg/detail/waypoint__rosidl_typesupport_introspection_cpp.hpp
-- Installing: /home/dong/drone_kkk_ws/install/drone_msgs/include/drone_msgs/drone_msgs/msg/detail/marker_center__rosidl_typesupport_introspection_cpp.hpp
-- Installing: /home/dong/drone_kkk_ws/install/drone_msgs/lib/libdrone_msgs__rosidl_typesupport_introspection_cpp.so
-- Set runtime path of "/home/dong/drone_kkk_ws/install/drone_msgs/lib/libdrone_msgs__rosidl_typesupport_introspection_cpp.so" to ""
-- Installing: /home/dong/drone_kkk_ws/install/drone_msgs/lib/libdrone_msgs__rosidl_typesupport_cpp.so
-- Set runtime path of "/home/dong/drone_kkk_ws/install/drone_msgs/lib/libdrone_msgs__rosidl_typesupport_cpp.so" to ""
-- Installing: /home/dong/drone_kkk_ws/install/drone_msgs/share/drone_msgs/environment/pythonpath.sh
-- Installing: /home/dong/drone_kkk_ws/install/drone_msgs/share/drone_msgs/environment/pythonpath.dsv
-- Installing: /home/dong/drone_kkk_ws/install/drone_msgs/local/lib/python3.10/dist-packages/drone_msgs-0.0.1-py3.10.egg-info
-- Installing: /home/dong/drone_kkk_ws/install/drone_msgs/local/lib/python3.10/dist-packages/drone_msgs-0.0.1-py3.10.egg-info/top_level.txt
-- Installing: /home/dong/drone_kkk_ws/install/drone_msgs/local/lib/python3.10/dist-packages/drone_msgs-0.0.1-py3.10.egg-info/SOURCES.txt
-- Installing: /home/dong/drone_kkk_ws/install/drone_msgs/local/lib/python3.10/dist-packages/drone_msgs-0.0.1-py3.10.egg-info/dependency_links.txt
-- Installing: /home/dong/drone_kkk_ws/install/drone_msgs/local/lib/python3.10/dist-packages/drone_msgs-0.0.1-py3.10.egg-info/PKG-INFO
-- Installing: /home/dong/drone_kkk_ws/install/drone_msgs/local/lib/python3.10/dist-packages/drone_msgs
-- Installing: /home/dong/drone_kkk_ws/install/drone_msgs/local/lib/python3.10/dist-packages/drone_msgs/_drone_msgs_s.ep.rosidl_typesupport_introspection_c.c
-- Installing: /home/dong/drone_kkk_ws/install/drone_msgs/local/lib/python3.10/dist-packages/drone_msgs/_drone_msgs_s.ep.rosidl_typesupport_fastrtps_c.c
-- Installing: /home/dong/drone_kkk_ws/install/drone_msgs/local/lib/python3.10/dist-packages/drone_msgs/__init__.py
-- Installing: /home/dong/drone_kkk_ws/install/drone_msgs/local/lib/python3.10/dist-packages/drone_msgs/_drone_msgs_s.ep.rosidl_typesupport_c.c
-- Installing: /home/dong/drone_kkk_ws/install/drone_msgs/local/lib/python3.10/dist-packages/drone_msgs/drone_msgs_s__rosidl_typesupport_fastrtps_c.cpython-310-x86_64-linux-gnu.so
-- Installing: /home/dong/drone_kkk_ws/install/drone_msgs/local/lib/python3.10/dist-packages/drone_msgs/drone_msgs_s__rosidl_typesupport_c.cpython-310-x86_64-linux-gnu.so
-- Installing: /home/dong/drone_kkk_ws/install/drone_msgs/local/lib/python3.10/dist-packages/drone_msgs/msg
-- Installing: /home/dong/drone_kkk_ws/install/drone_msgs/local/lib/python3.10/dist-packages/drone_msgs/msg/_waypoint_s.c
-- Installing: /home/dong/drone_kkk_ws/install/drone_msgs/local/lib/python3.10/dist-packages/drone_msgs/msg/_marker_center_s.c
-- Installing: /home/dong/drone_kkk_ws/install/drone_msgs/local/lib/python3.10/dist-packages/drone_msgs/msg/__init__.py
-- Installing: /home/dong/drone_kkk_ws/install/drone_msgs/local/lib/python3.10/dist-packages/drone_msgs/msg/_marker_center.py
-- Installing: /home/dong/drone_kkk_ws/install/drone_msgs/local/lib/python3.10/dist-packages/drone_msgs/msg/_waypoint.py
-- Installing: /home/dong/drone_kkk_ws/install/drone_msgs/local/lib/python3.10/dist-packages/drone_msgs/libdrone_msgs__rosidl_generator_py.so
-- Installing: /home/dong/drone_kkk_ws/install/drone_msgs/local/lib/python3.10/dist-packages/drone_msgs/drone_msgs_s__rosidl_typesupport_introspection_c.cpython-310-x86_64-linux-gnu.so
Listing '/home/dong/drone_kkk_ws/install/drone_msgs/local/lib/python3.10/dist-packages/drone_msgs'...
Compiling '/home/dong/drone_kkk_ws/install/drone_msgs/local/lib/python3.10/dist-packages/drone_msgs/__init__.py'...
Listing '/home/dong/drone_kkk_ws/install/drone_msgs/local/lib/python3.10/dist-packages/drone_msgs/msg'...
Compiling '/home/dong/drone_kkk_ws/install/drone_msgs/local/lib/python3.10/dist-packages/drone_msgs/msg/__init__.py'...
Compiling '/home/dong/drone_kkk_ws/install/drone_msgs/local/lib/python3.10/dist-packages/drone_msgs/msg/_marker_center.py'...
Compiling '/home/dong/drone_kkk_ws/install/drone_msgs/local/lib/python3.10/dist-packages/drone_msgs/msg/_waypoint.py'...
-- Installing: /home/dong/drone_kkk_ws/install/drone_msgs/local/lib/python3.10/dist-packages/drone_msgs/drone_msgs_s__rosidl_typesupport_fastrtps_c.cpython-310-x86_64-linux-gnu.so
-- Set runtime path of "/home/dong/drone_kkk_ws/install/drone_msgs/local/lib/python3.10/dist-packages/drone_msgs/drone_msgs_s__rosidl_typesupport_fastrtps_c.cpython-310-x86_64-linux-gnu.so" to ""
-- Installing: /home/dong/drone_kkk_ws/install/drone_msgs/local/lib/python3.10/dist-packages/drone_msgs/drone_msgs_s__rosidl_typesupport_introspection_c.cpython-310-x86_64-linux-gnu.so
-- Set runtime path of "/home/dong/drone_kkk_ws/install/drone_msgs/local/lib/python3.10/dist-packages/drone_msgs/drone_msgs_s__rosidl_typesupport_introspection_c.cpython-310-x86_64-linux-gnu.so" to ""
-- Installing: /home/dong/drone_kkk_ws/install/drone_msgs/local/lib/python3.10/dist-packages/drone_msgs/drone_msgs_s__rosidl_typesupport_c.cpython-310-x86_64-linux-gnu.so
-- Set runtime path of "/home/dong/drone_kkk_ws/install/drone_msgs/local/lib/python3.10/dist-packages/drone_msgs/drone_msgs_s__rosidl_typesupport_c.cpython-310-x86_64-linux-gnu.so" to ""
-- Installing: /home/dong/drone_kkk_ws/install/drone_msgs/lib/libdrone_msgs__rosidl_generator_py.so
-- Set runtime path of "/home/dong/drone_kkk_ws/install/drone_msgs/lib/libdrone_msgs__rosidl_generator_py.so" to ""
-- Installing: /home/dong/drone_kkk_ws/install/drone_msgs/share/drone_msgs/msg/Waypoint.idl
-- Installing: /home/dong/drone_kkk_ws/install/drone_msgs/share/drone_msgs/msg/MarkerCenter.idl
-- Installing: /home/dong/drone_kkk_ws/install/drone_msgs/share/drone_msgs/msg/Waypoint.msg
-- Installing: /home/dong/drone_kkk_ws/install/drone_msgs/share/drone_msgs/msg/MarkerCenter.msg
-- Installing: /home/dong/drone_kkk_ws/install/drone_msgs/share/ament_index/resource_index/package_run_dependencies/drone_msgs
-- Installing: /home/dong/drone_kkk_ws/install/drone_msgs/share/ament_index/resource_index/parent_prefix_path/drone_msgs
-- Installing: /home/dong/drone_kkk_ws/install/drone_msgs/share/drone_msgs/environment/ament_prefix_path.sh
-- Installing: /home/dong/drone_kkk_ws/install/drone_msgs/share/drone_msgs/environment/ament_prefix_path.dsv
-- Installing: /home/dong/drone_kkk_ws/install/drone_msgs/share/drone_msgs/environment/path.sh
-- Installing: /home/dong/drone_kkk_ws/install/drone_msgs/share/drone_msgs/environment/path.dsv
-- Installing: /home/dong/drone_kkk_ws/install/drone_msgs/share/drone_msgs/local_setup.bash
-- Installing: /home/dong/drone_kkk_ws/install/drone_msgs/share/drone_msgs/local_setup.sh
-- Installing: /home/dong/drone_kkk_ws/install/drone_msgs/share/drone_msgs/local_setup.zsh
-- Installing: /home/dong/drone_kkk_ws/install/drone_msgs/share/drone_msgs/local_setup.dsv
-- Installing: /home/dong/drone_kkk_ws/install/drone_msgs/share/drone_msgs/package.dsv
-- Installing: /home/dong/drone_kkk_ws/install/drone_msgs/share/ament_index/resource_index/packages/drone_msgs
-- Installing: /home/dong/drone_kkk_ws/install/drone_msgs/share/drone_msgs/cmake/export_drone_msgs__rosidl_generator_cExport.cmake
-- Installing: /home/dong/drone_kkk_ws/install/drone_msgs/share/drone_msgs/cmake/export_drone_msgs__rosidl_generator_cExport-noconfig.cmake
-- Installing: /home/dong/drone_kkk_ws/install/drone_msgs/share/drone_msgs/cmake/export_drone_msgs__rosidl_typesupport_fastrtps_cExport.cmake
-- Installing: /home/dong/drone_kkk_ws/install/drone_msgs/share/drone_msgs/cmake/export_drone_msgs__rosidl_typesupport_fastrtps_cExport-noconfig.cmake
-- Installing: /home/dong/drone_kkk_ws/install/drone_msgs/share/drone_msgs/cmake/drone_msgs__rosidl_typesupport_introspection_cExport.cmake
-- Installing: /home/dong/drone_kkk_ws/install/drone_msgs/share/drone_msgs/cmake/drone_msgs__rosidl_typesupport_introspection_cExport-noconfig.cmake
-- Installing: /home/dong/drone_kkk_ws/install/drone_msgs/share/drone_msgs/cmake/drone_msgs__rosidl_typesupport_cExport.cmake
-- Installing: /home/dong/drone_kkk_ws/install/drone_msgs/share/drone_msgs/cmake/drone_msgs__rosidl_typesupport_cExport-noconfig.cmake
-- Installing: /home/dong/drone_kkk_ws/install/drone_msgs/share/drone_msgs/cmake/export_drone_msgs__rosidl_generator_cppExport.cmake
-- Installing: /home/dong/drone_kkk_ws/install/drone_msgs/share/drone_msgs/cmake/export_drone_msgs__rosidl_typesupport_fastrtps_cppExport.cmake
-- Installing: /home/dong/drone_kkk_ws/install/drone_msgs/share/drone_msgs/cmake/export_drone_msgs__rosidl_typesupport_fastrtps_cppExport-noconfig.cmake
-- Installing: /home/dong/drone_kkk_ws/install/drone_msgs/share/drone_msgs/cmake/drone_msgs__rosidl_typesupport_introspection_cppExport.cmake
-- Installing: /home/dong/drone_kkk_ws/install/drone_msgs/share/drone_msgs/cmake/drone_msgs__rosidl_typesupport_introspection_cppExport-noconfig.cmake
-- Installing: /home/dong/drone_kkk_ws/install/drone_msgs/share/drone_msgs/cmake/drone_msgs__rosidl_typesupport_cppExport.cmake
-- Installing: /home/dong/drone_kkk_ws/install/drone_msgs/share/drone_msgs/cmake/drone_msgs__rosidl_typesupport_cppExport-noconfig.cmake
-- Installing: /home/dong/drone_kkk_ws/install/drone_msgs/share/drone_msgs/cmake/export_drone_msgs__rosidl_generator_pyExport.cmake
-- Installing: /home/dong/drone_kkk_ws/install/drone_msgs/share/drone_msgs/cmake/export_drone_msgs__rosidl_generator_pyExport-noconfig.cmake
-- Installing: /home/dong/drone_kkk_ws/install/drone_msgs/share/drone_msgs/cmake/rosidl_cmake-extras.cmake
-- Installing: /home/dong/drone_kkk_ws/install/drone_msgs/share/drone_msgs/cmake/ament_cmake_export_include_directories-extras.cmake
-- Installing: /home/dong/drone_kkk_ws/install/drone_msgs/share/drone_msgs/cmake/ament_cmake_export_libraries-extras.cmake
-- Installing: /home/dong/drone_kkk_ws/install/drone_msgs/share/drone_msgs/cmake/ament_cmake_export_targets-extras.cmake
-- Installing: /home/dong/drone_kkk_ws/install/drone_msgs/share/drone_msgs/cmake/rosidl_cmake_export_typesupport_targets-extras.cmake
-- Installing: /home/dong/drone_kkk_ws/install/drone_msgs/share/drone_msgs/cmake/ament_cmake_export_dependencies-extras.cmake
-- Installing: /home/dong/drone_kkk_ws/install/drone_msgs/share/drone_msgs/cmake/rosidl_cmake_export_typesupport_libraries-extras.cmake
-- Installing: /home/dong/drone_kkk_ws/install/drone_msgs/share/drone_msgs/cmake/drone_msgsConfig.cmake
-- Installing: /home/dong/drone_kkk_ws/install/drone_msgs/share/drone_msgs/cmake/drone_msgsConfig-version.cmake
-- Installing: /home/dong/drone_kkk_ws/install/drone_msgs/share/drone_msgs/package.xml
