[0.005s] Invoking command in '/home/dong/drone_kkk_ws/build/drone_msgs': CMAKE_PREFIX_PATH=${CMAKE_PREFIX_PATH}:/home/dong/drone_kkk_ws/install/perception_node:/home/dong/drone_kkk_ws/install/decision_node:/opt/ros/humble /usr/bin/cmake /home/dong/drone_kkk_ws/src/drone_msgs -DCMAKE_INSTALL_PREFIX=/home/dong/drone_kkk_ws/install/drone_msgs
[0.068s] -- The C compiler identification is GNU 11.4.0
[0.118s] -- The CXX compiler identification is GNU 11.4.0
[0.124s] -- Detecting C compiler ABI info
[0.214s] -- Detecting C compiler ABI info - done
[0.225s] -- Check for working C compiler: /usr/bin/cc - skipped
[0.225s] -- Detecting C compile features
[0.226s] -- Detecting C compile features - done
[0.229s] -- Detecting CXX compiler ABI info
[0.318s] -- Detecting CXX compiler ABI info - done
[0.323s] -- Check for working CXX compiler: /usr/bin/c++ - skipped
[0.323s] -- Detecting CXX compile features
[0.323s] -- Detecting CXX compile features - done
[0.324s] -- Found ament_cmake: 1.3.12 (/opt/ros/humble/share/ament_cmake/cmake)
[0.417s] -- Found Python3: /usr/bin/python3 (found version "3.10.12") found components: Interpreter 
[0.506s] -- Found rosidl_default_generators: 1.2.0 (/opt/ros/humble/share/rosidl_default_generators/cmake)
[0.509s] -- Using all available rosidl_typesupport_c: rosidl_typesupport_fastrtps_c;rosidl_typesupport_introspection_c
[0.515s] -- Found rosidl_adapter: 3.1.7 (/opt/ros/humble/share/rosidl_adapter/cmake)
[0.561s] -- Using all available rosidl_typesupport_cpp: rosidl_typesupport_fastrtps_cpp;rosidl_typesupport_introspection_cpp
[0.789s] -- Found ament_cmake_ros: 0.10.0 (/opt/ros/humble/share/ament_cmake_ros/cmake)
[0.992s] -- Using all available rosidl_typesupport_c: rosidl_typesupport_fastrtps_c;rosidl_typesupport_introspection_c
[1.257s] -- Using all available rosidl_typesupport_cpp: rosidl_typesupport_fastrtps_cpp;rosidl_typesupport_introspection_cpp
[1.282s] -- Found PythonInterp: /usr/bin/python3 (found suitable version "3.10.12", minimum required is "3.6") 
[1.283s] -- Found python_cmake_module: 0.10.0 (/opt/ros/humble/share/python_cmake_module/cmake)
[1.312s] -- Found PythonLibs: /usr/lib/x86_64-linux-gnu/libpython3.10.so (found suitable version "3.10.12", minimum required is "3.5") 
[1.312s] -- Using PYTHON_EXECUTABLE: /usr/bin/python3
[1.312s] -- Using PYTHON_INCLUDE_DIRS: /usr/include/python3.10
[1.312s] -- Using PYTHON_LIBRARIES: /usr/lib/x86_64-linux-gnu/libpython3.10.so
[1.337s] -- Found PythonExtra: .so  
[1.379s] -- Configuring done
[1.408s] -- Generating done
[1.417s] -- Build files have been written to: /home/dong/drone_kkk_ws/build/drone_msgs
[1.425s] Invoked command in '/home/dong/drone_kkk_ws/build/drone_msgs' returned '0': CMAKE_PREFIX_PATH=${CMAKE_PREFIX_PATH}:/home/dong/drone_kkk_ws/install/perception_node:/home/dong/drone_kkk_ws/install/decision_node:/opt/ros/humble /usr/bin/cmake /home/dong/drone_kkk_ws/src/drone_msgs -DCMAKE_INSTALL_PREFIX=/home/dong/drone_kkk_ws/install/drone_msgs
[1.426s] Invoking command in '/home/dong/drone_kkk_ws/build/drone_msgs': CMAKE_PREFIX_PATH=${CMAKE_PREFIX_PATH}:/home/dong/drone_kkk_ws/install/perception_node:/home/dong/drone_kkk_ws/install/decision_node:/opt/ros/humble /usr/bin/cmake --build /home/dong/drone_kkk_ws/build/drone_msgs -- -j20 -l20
[1.472s] [  2%] [34m[1mGenerating C code for ROS interfaces[0m
[1.486s] [  5%] [34m[1mGenerating C++ code for ROS interfaces[0m
[1.498s] [  5%] Built target ament_cmake_python_copy_drone_msgs
[1.632s] running egg_info
[1.632s] creating drone_msgs.egg-info
[1.632s] writing drone_msgs.egg-info/PKG-INFO
[1.632s] writing dependency_links to drone_msgs.egg-info/dependency_links.txt
[1.632s] writing top-level names to drone_msgs.egg-info/top_level.txt
[1.632s] writing manifest file 'drone_msgs.egg-info/SOURCES.txt'
[1.633s] reading manifest file 'drone_msgs.egg-info/SOURCES.txt'
[1.634s] writing manifest file 'drone_msgs.egg-info/SOURCES.txt'
[1.649s] [  5%] Built target ament_cmake_python_build_drone_msgs_egg
[1.692s] [  5%] Built target drone_msgs__cpp
[1.698s] [  7%] [34m[1mGenerating C++ type support dispatch for ROS interfaces[0m
[1.699s] [ 10%] [32mBuilding C object CMakeFiles/drone_msgs__rosidl_generator_c.dir/rosidl_generator_c/drone_msgs/msg/detail/marker_center__functions.c.o[0m
[1.699s] [ 12%] [34m[1mGenerating C++ type support for eProsima Fast-RTPS[0m
[1.699s] [ 15%] [34m[1mGenerating C++ introspection for ROS interfaces[0m
[1.700s] [ 17%] [32mBuilding C object CMakeFiles/drone_msgs__rosidl_generator_c.dir/rosidl_generator_c/drone_msgs/msg/detail/waypoint__functions.c.o[0m
[1.735s] [ 20%] [32m[1mLinking C shared library libdrone_msgs__rosidl_generator_c.so[0m
[1.760s] [ 20%] Built target drone_msgs__rosidl_generator_c
[1.768s] [ 23%] [34m[1mGenerating C type support dispatch for ROS interfaces[0m
[1.768s] [ 28%] [34m[1mGenerating C type support for eProsima Fast-RTPS[0m
[1.768s] [ 28%] [34m[1mGenerating C introspection for ROS interfaces[0m
[1.859s] [ 30%] [32mBuilding CXX object CMakeFiles/drone_msgs__rosidl_typesupport_introspection_cpp.dir/rosidl_typesupport_introspection_cpp/drone_msgs/msg/detail/marker_center__type_support.cpp.o[0m
[1.859s] [ 33%] [32mBuilding CXX object CMakeFiles/drone_msgs__rosidl_typesupport_introspection_cpp.dir/rosidl_typesupport_introspection_cpp/drone_msgs/msg/detail/waypoint__type_support.cpp.o[0m
[1.865s] [ 35%] [32mBuilding CXX object CMakeFiles/drone_msgs__rosidl_typesupport_cpp.dir/rosidl_typesupport_cpp/drone_msgs/msg/waypoint__type_support.cpp.o[0m
[1.866s] [ 38%] [32mBuilding CXX object CMakeFiles/drone_msgs__rosidl_typesupport_cpp.dir/rosidl_typesupport_cpp/drone_msgs/msg/marker_center__type_support.cpp.o[0m
[1.882s] [ 41%] [32mBuilding CXX object CMakeFiles/drone_msgs__rosidl_typesupport_fastrtps_cpp.dir/rosidl_typesupport_fastrtps_cpp/drone_msgs/msg/detail/dds_fastrtps/waypoint__type_support.cpp.o[0m
[1.883s] [ 43%] [32mBuilding CXX object CMakeFiles/drone_msgs__rosidl_typesupport_fastrtps_cpp.dir/rosidl_typesupport_fastrtps_cpp/drone_msgs/msg/detail/dds_fastrtps/marker_center__type_support.cpp.o[0m
[1.961s] [ 48%] [32mBuilding C object CMakeFiles/drone_msgs__rosidl_typesupport_introspection_c.dir/rosidl_typesupport_introspection_c/drone_msgs/msg/detail/waypoint__type_support.c.o[0m
[1.961s] [ 48%] [32mBuilding C object CMakeFiles/drone_msgs__rosidl_typesupport_introspection_c.dir/rosidl_typesupport_introspection_c/drone_msgs/msg/detail/marker_center__type_support.c.o[0m
[1.962s] [ 53%] [32mBuilding CXX object CMakeFiles/drone_msgs__rosidl_typesupport_fastrtps_c.dir/rosidl_typesupport_fastrtps_c/drone_msgs/msg/detail/waypoint__type_support_c.cpp.o[0m
[1.962s] [ 53%] [32mBuilding CXX object CMakeFiles/drone_msgs__rosidl_typesupport_fastrtps_c.dir/rosidl_typesupport_fastrtps_c/drone_msgs/msg/detail/marker_center__type_support_c.cpp.o[0m
[1.976s] [ 56%] [32mBuilding CXX object CMakeFiles/drone_msgs__rosidl_typesupport_c.dir/rosidl_typesupport_c/drone_msgs/msg/marker_center__type_support.cpp.o[0m
[1.978s] [ 58%] [32mBuilding CXX object CMakeFiles/drone_msgs__rosidl_typesupport_c.dir/rosidl_typesupport_c/drone_msgs/msg/waypoint__type_support.cpp.o[0m
[1.988s] [ 61%] [32m[1mLinking C shared library libdrone_msgs__rosidl_typesupport_introspection_c.so[0m
[2.002s] [ 64%] [32m[1mLinking CXX shared library libdrone_msgs__rosidl_typesupport_c.so[0m
[2.013s] [ 64%] Built target drone_msgs__rosidl_typesupport_introspection_c
[2.034s] [ 64%] Built target drone_msgs__rosidl_typesupport_c
[2.121s] [ 66%] [32m[1mLinking CXX shared library libdrone_msgs__rosidl_typesupport_cpp.so[0m
[2.150s] [ 69%] [32m[1mLinking CXX shared library libdrone_msgs__rosidl_typesupport_introspection_cpp.so[0m
[2.150s] [ 69%] Built target drone_msgs__rosidl_typesupport_cpp
[2.177s] [ 69%] Built target drone_msgs__rosidl_typesupport_introspection_cpp
[2.180s] [ 71%] [32m[1mLinking CXX shared library libdrone_msgs__rosidl_typesupport_fastrtps_cpp.so[0m
[2.229s] [ 74%] [32m[1mLinking CXX shared library libdrone_msgs__rosidl_typesupport_fastrtps_c.so[0m
[2.230s] [ 74%] Built target drone_msgs__rosidl_typesupport_fastrtps_cpp
[2.322s] [ 74%] Built target drone_msgs__rosidl_typesupport_fastrtps_c
[2.361s] [ 74%] Built target drone_msgs
[2.397s] [ 76%] [34m[1mGenerating Python code for ROS interfaces[0m
[2.674s] [ 76%] Built target drone_msgs__py
[2.692s] [ 79%] [32mBuilding C object CMakeFiles/drone_msgs__rosidl_generator_py.dir/rosidl_generator_py/drone_msgs/msg/_waypoint_s.c.o[0m
[2.693s] [ 82%] [32mBuilding C object CMakeFiles/drone_msgs__rosidl_generator_py.dir/rosidl_generator_py/drone_msgs/msg/_marker_center_s.c.o[0m
[2.779s] [ 84%] [32m[1mLinking C shared library rosidl_generator_py/drone_msgs/libdrone_msgs__rosidl_generator_py.so[0m
[2.828s] [ 84%] Built target drone_msgs__rosidl_generator_py
[2.852s] [ 87%] [32mBuilding C object CMakeFiles/drone_msgs__rosidl_typesupport_c__pyext.dir/rosidl_generator_py/drone_msgs/_drone_msgs_s.ep.rosidl_typesupport_c.c.o[0m
[2.852s] [ 89%] [32mBuilding C object CMakeFiles/drone_msgs__rosidl_typesupport_fastrtps_c__pyext.dir/rosidl_generator_py/drone_msgs/_drone_msgs_s.ep.rosidl_typesupport_fastrtps_c.c.o[0m
[2.852s] [ 92%] [32mBuilding C object CMakeFiles/drone_msgs__rosidl_typesupport_introspection_c__pyext.dir/rosidl_generator_py/drone_msgs/_drone_msgs_s.ep.rosidl_typesupport_introspection_c.c.o[0m
[2.943s] [ 94%] [32m[1mLinking C shared library rosidl_generator_py/drone_msgs/drone_msgs_s__rosidl_typesupport_introspection_c.cpython-310-x86_64-linux-gnu.so[0m
[2.949s] [ 97%] [32m[1mLinking C shared library rosidl_generator_py/drone_msgs/drone_msgs_s__rosidl_typesupport_c.cpython-310-x86_64-linux-gnu.so[0m
[2.952s] [100%] [32m[1mLinking C shared library rosidl_generator_py/drone_msgs/drone_msgs_s__rosidl_typesupport_fastrtps_c.cpython-310-x86_64-linux-gnu.so[0m
[2.980s] [100%] Built target drone_msgs__rosidl_typesupport_introspection_c__pyext
[2.987s] [100%] Built target drone_msgs__rosidl_typesupport_c__pyext
[2.991s] [100%] Built target drone_msgs__rosidl_typesupport_fastrtps_c__pyext
[3.006s] Invoked command in '/home/dong/drone_kkk_ws/build/drone_msgs' returned '0': CMAKE_PREFIX_PATH=${CMAKE_PREFIX_PATH}:/home/dong/drone_kkk_ws/install/perception_node:/home/dong/drone_kkk_ws/install/decision_node:/opt/ros/humble /usr/bin/cmake --build /home/dong/drone_kkk_ws/build/drone_msgs -- -j20 -l20
[3.020s] Invoking command in '/home/dong/drone_kkk_ws/build/drone_msgs': CMAKE_PREFIX_PATH=${CMAKE_PREFIX_PATH}:/home/dong/drone_kkk_ws/install/perception_node:/home/dong/drone_kkk_ws/install/decision_node:/opt/ros/humble /usr/bin/cmake --install /home/dong/drone_kkk_ws/build/drone_msgs
[3.030s] -- Install configuration: ""
[3.030s] -- Installing: /home/dong/drone_kkk_ws/install/drone_msgs/share/ament_index/resource_index/rosidl_interfaces/drone_msgs
[3.031s] -- Installing: /home/dong/drone_kkk_ws/install/drone_msgs/include/drone_msgs/drone_msgs
[3.031s] -- Installing: /home/dong/drone_kkk_ws/install/drone_msgs/include/drone_msgs/drone_msgs/msg
[3.031s] -- Installing: /home/dong/drone_kkk_ws/install/drone_msgs/include/drone_msgs/drone_msgs/msg/waypoint.h
[3.031s] -- Installing: /home/dong/drone_kkk_ws/install/drone_msgs/include/drone_msgs/drone_msgs/msg/detail
[3.031s] -- Installing: /home/dong/drone_kkk_ws/install/drone_msgs/include/drone_msgs/drone_msgs/msg/detail/waypoint__functions.c
[3.031s] -- Installing: /home/dong/drone_kkk_ws/install/drone_msgs/include/drone_msgs/drone_msgs/msg/detail/marker_center__type_support.h
[3.031s] -- Installing: /home/dong/drone_kkk_ws/install/drone_msgs/include/drone_msgs/drone_msgs/msg/detail/waypoint__struct.h
[3.032s] -- Installing: /home/dong/drone_kkk_ws/install/drone_msgs/include/drone_msgs/drone_msgs/msg/detail/marker_center__struct.h
[3.032s] -- Installing: /home/dong/drone_kkk_ws/install/drone_msgs/include/drone_msgs/drone_msgs/msg/detail/waypoint__type_support.h
[3.032s] -- Installing: /home/dong/drone_kkk_ws/install/drone_msgs/include/drone_msgs/drone_msgs/msg/detail/waypoint__functions.h
[3.032s] -- Installing: /home/dong/drone_kkk_ws/install/drone_msgs/include/drone_msgs/drone_msgs/msg/detail/marker_center__functions.c
[3.032s] -- Installing: /home/dong/drone_kkk_ws/install/drone_msgs/include/drone_msgs/drone_msgs/msg/detail/marker_center__functions.h
[3.032s] -- Installing: /home/dong/drone_kkk_ws/install/drone_msgs/include/drone_msgs/drone_msgs/msg/marker_center.h
[3.032s] -- Installing: /home/dong/drone_kkk_ws/install/drone_msgs/include/drone_msgs/drone_msgs/msg/rosidl_generator_c__visibility_control.h
[3.032s] -- Installing: /home/dong/drone_kkk_ws/install/drone_msgs/share/drone_msgs/environment/library_path.sh
[3.032s] -- Installing: /home/dong/drone_kkk_ws/install/drone_msgs/share/drone_msgs/environment/library_path.dsv
[3.033s] -- Installing: /home/dong/drone_kkk_ws/install/drone_msgs/lib/libdrone_msgs__rosidl_generator_c.so
[3.033s] -- Set runtime path of "/home/dong/drone_kkk_ws/install/drone_msgs/lib/libdrone_msgs__rosidl_generator_c.so" to ""
[3.033s] -- Up-to-date: /home/dong/drone_kkk_ws/install/drone_msgs/include/drone_msgs/drone_msgs
[3.033s] -- Up-to-date: /home/dong/drone_kkk_ws/install/drone_msgs/include/drone_msgs/drone_msgs/msg
[3.033s] -- Installing: /home/dong/drone_kkk_ws/install/drone_msgs/include/drone_msgs/drone_msgs/msg/rosidl_typesupport_fastrtps_c__visibility_control.h
[3.033s] -- Up-to-date: /home/dong/drone_kkk_ws/install/drone_msgs/include/drone_msgs/drone_msgs/msg/detail
[3.033s] -- Installing: /home/dong/drone_kkk_ws/install/drone_msgs/include/drone_msgs/drone_msgs/msg/detail/marker_center__rosidl_typesupport_fastrtps_c.h
[3.033s] -- Installing: /home/dong/drone_kkk_ws/install/drone_msgs/include/drone_msgs/drone_msgs/msg/detail/waypoint__rosidl_typesupport_fastrtps_c.h
[3.034s] -- Installing: /home/dong/drone_kkk_ws/install/drone_msgs/lib/libdrone_msgs__rosidl_typesupport_fastrtps_c.so
[3.034s] -- Set runtime path of "/home/dong/drone_kkk_ws/install/drone_msgs/lib/libdrone_msgs__rosidl_typesupport_fastrtps_c.so" to ""
[3.034s] -- Up-to-date: /home/dong/drone_kkk_ws/install/drone_msgs/include/drone_msgs/drone_msgs
[3.034s] -- Up-to-date: /home/dong/drone_kkk_ws/install/drone_msgs/include/drone_msgs/drone_msgs/msg
[3.034s] -- Installing: /home/dong/drone_kkk_ws/install/drone_msgs/include/drone_msgs/drone_msgs/msg/rosidl_typesupport_introspection_c__visibility_control.h
[3.034s] -- Up-to-date: /home/dong/drone_kkk_ws/install/drone_msgs/include/drone_msgs/drone_msgs/msg/detail
[3.034s] -- Installing: /home/dong/drone_kkk_ws/install/drone_msgs/include/drone_msgs/drone_msgs/msg/detail/waypoint__type_support.c
[3.034s] -- Installing: /home/dong/drone_kkk_ws/install/drone_msgs/include/drone_msgs/drone_msgs/msg/detail/waypoint__rosidl_typesupport_introspection_c.h
[3.034s] -- Installing: /home/dong/drone_kkk_ws/install/drone_msgs/include/drone_msgs/drone_msgs/msg/detail/marker_center__type_support.c
[3.035s] -- Installing: /home/dong/drone_kkk_ws/install/drone_msgs/include/drone_msgs/drone_msgs/msg/detail/marker_center__rosidl_typesupport_introspection_c.h
[3.035s] -- Installing: /home/dong/drone_kkk_ws/install/drone_msgs/lib/libdrone_msgs__rosidl_typesupport_introspection_c.so
[3.035s] -- Set runtime path of "/home/dong/drone_kkk_ws/install/drone_msgs/lib/libdrone_msgs__rosidl_typesupport_introspection_c.so" to ""
[3.035s] -- Installing: /home/dong/drone_kkk_ws/install/drone_msgs/lib/libdrone_msgs__rosidl_typesupport_c.so
[3.035s] -- Set runtime path of "/home/dong/drone_kkk_ws/install/drone_msgs/lib/libdrone_msgs__rosidl_typesupport_c.so" to ""
[3.035s] -- Up-to-date: /home/dong/drone_kkk_ws/install/drone_msgs/include/drone_msgs/drone_msgs
[3.035s] -- Up-to-date: /home/dong/drone_kkk_ws/install/drone_msgs/include/drone_msgs/drone_msgs/msg
[3.035s] -- Installing: /home/dong/drone_kkk_ws/install/drone_msgs/include/drone_msgs/drone_msgs/msg/marker_center.hpp
[3.035s] -- Installing: /home/dong/drone_kkk_ws/install/drone_msgs/include/drone_msgs/drone_msgs/msg/rosidl_generator_cpp__visibility_control.hpp
[3.035s] -- Up-to-date: /home/dong/drone_kkk_ws/install/drone_msgs/include/drone_msgs/drone_msgs/msg/detail
[3.035s] -- Installing: /home/dong/drone_kkk_ws/install/drone_msgs/include/drone_msgs/drone_msgs/msg/detail/waypoint__traits.hpp
[3.035s] -- Installing: /home/dong/drone_kkk_ws/install/drone_msgs/include/drone_msgs/drone_msgs/msg/detail/waypoint__type_support.hpp
[3.036s] -- Installing: /home/dong/drone_kkk_ws/install/drone_msgs/include/drone_msgs/drone_msgs/msg/detail/marker_center__struct.hpp
[3.036s] -- Installing: /home/dong/drone_kkk_ws/install/drone_msgs/include/drone_msgs/drone_msgs/msg/detail/waypoint__struct.hpp
[3.036s] -- Installing: /home/dong/drone_kkk_ws/install/drone_msgs/include/drone_msgs/drone_msgs/msg/detail/marker_center__type_support.hpp
[3.036s] -- Installing: /home/dong/drone_kkk_ws/install/drone_msgs/include/drone_msgs/drone_msgs/msg/detail/marker_center__traits.hpp
[3.036s] -- Installing: /home/dong/drone_kkk_ws/install/drone_msgs/include/drone_msgs/drone_msgs/msg/detail/waypoint__builder.hpp
[3.036s] -- Installing: /home/dong/drone_kkk_ws/install/drone_msgs/include/drone_msgs/drone_msgs/msg/detail/marker_center__builder.hpp
[3.036s] -- Installing: /home/dong/drone_kkk_ws/install/drone_msgs/include/drone_msgs/drone_msgs/msg/waypoint.hpp
[3.036s] -- Up-to-date: /home/dong/drone_kkk_ws/install/drone_msgs/include/drone_msgs/drone_msgs
[3.036s] -- Up-to-date: /home/dong/drone_kkk_ws/install/drone_msgs/include/drone_msgs/drone_msgs/msg
[3.036s] -- Installing: /home/dong/drone_kkk_ws/install/drone_msgs/include/drone_msgs/drone_msgs/msg/rosidl_typesupport_fastrtps_cpp__visibility_control.h
[3.036s] -- Up-to-date: /home/dong/drone_kkk_ws/install/drone_msgs/include/drone_msgs/drone_msgs/msg/detail
[3.036s] -- Installing: /home/dong/drone_kkk_ws/install/drone_msgs/include/drone_msgs/drone_msgs/msg/detail/dds_fastrtps
[3.036s] -- Installing: /home/dong/drone_kkk_ws/install/drone_msgs/include/drone_msgs/drone_msgs/msg/detail/marker_center__rosidl_typesupport_fastrtps_cpp.hpp
[3.036s] -- Installing: /home/dong/drone_kkk_ws/install/drone_msgs/include/drone_msgs/drone_msgs/msg/detail/waypoint__rosidl_typesupport_fastrtps_cpp.hpp
[3.037s] -- Installing: /home/dong/drone_kkk_ws/install/drone_msgs/lib/libdrone_msgs__rosidl_typesupport_fastrtps_cpp.so
[3.037s] -- Set runtime path of "/home/dong/drone_kkk_ws/install/drone_msgs/lib/libdrone_msgs__rosidl_typesupport_fastrtps_cpp.so" to ""
[3.037s] -- Up-to-date: /home/dong/drone_kkk_ws/install/drone_msgs/include/drone_msgs/drone_msgs
[3.037s] -- Up-to-date: /home/dong/drone_kkk_ws/install/drone_msgs/include/drone_msgs/drone_msgs/msg
[3.037s] -- Up-to-date: /home/dong/drone_kkk_ws/install/drone_msgs/include/drone_msgs/drone_msgs/msg/detail
[3.037s] -- Installing: /home/dong/drone_kkk_ws/install/drone_msgs/include/drone_msgs/drone_msgs/msg/detail/marker_center__type_support.cpp
[3.037s] -- Installing: /home/dong/drone_kkk_ws/install/drone_msgs/include/drone_msgs/drone_msgs/msg/detail/waypoint__type_support.cpp
[3.037s] -- Installing: /home/dong/drone_kkk_ws/install/drone_msgs/include/drone_msgs/drone_msgs/msg/detail/waypoint__rosidl_typesupport_introspection_cpp.hpp
[3.037s] -- Installing: /home/dong/drone_kkk_ws/install/drone_msgs/include/drone_msgs/drone_msgs/msg/detail/marker_center__rosidl_typesupport_introspection_cpp.hpp
[3.037s] -- Installing: /home/dong/drone_kkk_ws/install/drone_msgs/lib/libdrone_msgs__rosidl_typesupport_introspection_cpp.so
[3.037s] -- Set runtime path of "/home/dong/drone_kkk_ws/install/drone_msgs/lib/libdrone_msgs__rosidl_typesupport_introspection_cpp.so" to ""
[3.037s] -- Installing: /home/dong/drone_kkk_ws/install/drone_msgs/lib/libdrone_msgs__rosidl_typesupport_cpp.so
[3.038s] -- Set runtime path of "/home/dong/drone_kkk_ws/install/drone_msgs/lib/libdrone_msgs__rosidl_typesupport_cpp.so" to ""
[3.038s] -- Installing: /home/dong/drone_kkk_ws/install/drone_msgs/share/drone_msgs/environment/pythonpath.sh
[3.038s] -- Installing: /home/dong/drone_kkk_ws/install/drone_msgs/share/drone_msgs/environment/pythonpath.dsv
[3.038s] -- Installing: /home/dong/drone_kkk_ws/install/drone_msgs/local/lib/python3.10/dist-packages/drone_msgs-0.0.1-py3.10.egg-info
[3.038s] -- Installing: /home/dong/drone_kkk_ws/install/drone_msgs/local/lib/python3.10/dist-packages/drone_msgs-0.0.1-py3.10.egg-info/top_level.txt
[3.038s] -- Installing: /home/dong/drone_kkk_ws/install/drone_msgs/local/lib/python3.10/dist-packages/drone_msgs-0.0.1-py3.10.egg-info/SOURCES.txt
[3.038s] -- Installing: /home/dong/drone_kkk_ws/install/drone_msgs/local/lib/python3.10/dist-packages/drone_msgs-0.0.1-py3.10.egg-info/dependency_links.txt
[3.038s] -- Installing: /home/dong/drone_kkk_ws/install/drone_msgs/local/lib/python3.10/dist-packages/drone_msgs-0.0.1-py3.10.egg-info/PKG-INFO
[3.038s] -- Installing: /home/dong/drone_kkk_ws/install/drone_msgs/local/lib/python3.10/dist-packages/drone_msgs
[3.038s] -- Installing: /home/dong/drone_kkk_ws/install/drone_msgs/local/lib/python3.10/dist-packages/drone_msgs/_drone_msgs_s.ep.rosidl_typesupport_introspection_c.c
[3.039s] -- Installing: /home/dong/drone_kkk_ws/install/drone_msgs/local/lib/python3.10/dist-packages/drone_msgs/_drone_msgs_s.ep.rosidl_typesupport_fastrtps_c.c
[3.039s] -- Installing: /home/dong/drone_kkk_ws/install/drone_msgs/local/lib/python3.10/dist-packages/drone_msgs/__init__.py
[3.039s] -- Installing: /home/dong/drone_kkk_ws/install/drone_msgs/local/lib/python3.10/dist-packages/drone_msgs/_drone_msgs_s.ep.rosidl_typesupport_c.c
[3.039s] -- Installing: /home/dong/drone_kkk_ws/install/drone_msgs/local/lib/python3.10/dist-packages/drone_msgs/drone_msgs_s__rosidl_typesupport_fastrtps_c.cpython-310-x86_64-linux-gnu.so
[3.039s] -- Installing: /home/dong/drone_kkk_ws/install/drone_msgs/local/lib/python3.10/dist-packages/drone_msgs/drone_msgs_s__rosidl_typesupport_c.cpython-310-x86_64-linux-gnu.so
[3.039s] -- Installing: /home/dong/drone_kkk_ws/install/drone_msgs/local/lib/python3.10/dist-packages/drone_msgs/msg
[3.039s] -- Installing: /home/dong/drone_kkk_ws/install/drone_msgs/local/lib/python3.10/dist-packages/drone_msgs/msg/_waypoint_s.c
[3.039s] -- Installing: /home/dong/drone_kkk_ws/install/drone_msgs/local/lib/python3.10/dist-packages/drone_msgs/msg/_marker_center_s.c
[3.039s] -- Installing: /home/dong/drone_kkk_ws/install/drone_msgs/local/lib/python3.10/dist-packages/drone_msgs/msg/__init__.py
[3.039s] -- Installing: /home/dong/drone_kkk_ws/install/drone_msgs/local/lib/python3.10/dist-packages/drone_msgs/msg/_marker_center.py
[3.039s] -- Installing: /home/dong/drone_kkk_ws/install/drone_msgs/local/lib/python3.10/dist-packages/drone_msgs/msg/_waypoint.py
[3.040s] -- Installing: /home/dong/drone_kkk_ws/install/drone_msgs/local/lib/python3.10/dist-packages/drone_msgs/libdrone_msgs__rosidl_generator_py.so
[3.040s] -- Installing: /home/dong/drone_kkk_ws/install/drone_msgs/local/lib/python3.10/dist-packages/drone_msgs/drone_msgs_s__rosidl_typesupport_introspection_c.cpython-310-x86_64-linux-gnu.so
[3.086s] Listing '/home/dong/drone_kkk_ws/install/drone_msgs/local/lib/python3.10/dist-packages/drone_msgs'...
[3.086s] Compiling '/home/dong/drone_kkk_ws/install/drone_msgs/local/lib/python3.10/dist-packages/drone_msgs/__init__.py'...
[3.086s] Listing '/home/dong/drone_kkk_ws/install/drone_msgs/local/lib/python3.10/dist-packages/drone_msgs/msg'...
[3.086s] Compiling '/home/dong/drone_kkk_ws/install/drone_msgs/local/lib/python3.10/dist-packages/drone_msgs/msg/__init__.py'...
[3.087s] Compiling '/home/dong/drone_kkk_ws/install/drone_msgs/local/lib/python3.10/dist-packages/drone_msgs/msg/_marker_center.py'...
[3.087s] Compiling '/home/dong/drone_kkk_ws/install/drone_msgs/local/lib/python3.10/dist-packages/drone_msgs/msg/_waypoint.py'...
[3.092s] -- Installing: /home/dong/drone_kkk_ws/install/drone_msgs/local/lib/python3.10/dist-packages/drone_msgs/drone_msgs_s__rosidl_typesupport_fastrtps_c.cpython-310-x86_64-linux-gnu.so
[3.092s] -- Set runtime path of "/home/dong/drone_kkk_ws/install/drone_msgs/local/lib/python3.10/dist-packages/drone_msgs/drone_msgs_s__rosidl_typesupport_fastrtps_c.cpython-310-x86_64-linux-gnu.so" to ""
[3.092s] -- Installing: /home/dong/drone_kkk_ws/install/drone_msgs/local/lib/python3.10/dist-packages/drone_msgs/drone_msgs_s__rosidl_typesupport_introspection_c.cpython-310-x86_64-linux-gnu.so
[3.092s] -- Set runtime path of "/home/dong/drone_kkk_ws/install/drone_msgs/local/lib/python3.10/dist-packages/drone_msgs/drone_msgs_s__rosidl_typesupport_introspection_c.cpython-310-x86_64-linux-gnu.so" to ""
[3.093s] -- Installing: /home/dong/drone_kkk_ws/install/drone_msgs/local/lib/python3.10/dist-packages/drone_msgs/drone_msgs_s__rosidl_typesupport_c.cpython-310-x86_64-linux-gnu.so
[3.093s] -- Set runtime path of "/home/dong/drone_kkk_ws/install/drone_msgs/local/lib/python3.10/dist-packages/drone_msgs/drone_msgs_s__rosidl_typesupport_c.cpython-310-x86_64-linux-gnu.so" to ""
[3.093s] -- Installing: /home/dong/drone_kkk_ws/install/drone_msgs/lib/libdrone_msgs__rosidl_generator_py.so
[3.093s] -- Set runtime path of "/home/dong/drone_kkk_ws/install/drone_msgs/lib/libdrone_msgs__rosidl_generator_py.so" to ""
[3.093s] -- Installing: /home/dong/drone_kkk_ws/install/drone_msgs/share/drone_msgs/msg/Waypoint.idl
[3.093s] -- Installing: /home/dong/drone_kkk_ws/install/drone_msgs/share/drone_msgs/msg/MarkerCenter.idl
[3.093s] -- Installing: /home/dong/drone_kkk_ws/install/drone_msgs/share/drone_msgs/msg/Waypoint.msg
[3.093s] -- Installing: /home/dong/drone_kkk_ws/install/drone_msgs/share/drone_msgs/msg/MarkerCenter.msg
[3.093s] -- Installing: /home/dong/drone_kkk_ws/install/drone_msgs/share/ament_index/resource_index/package_run_dependencies/drone_msgs
[3.094s] -- Installing: /home/dong/drone_kkk_ws/install/drone_msgs/share/ament_index/resource_index/parent_prefix_path/drone_msgs
[3.094s] -- Installing: /home/dong/drone_kkk_ws/install/drone_msgs/share/drone_msgs/environment/ament_prefix_path.sh
[3.094s] -- Installing: /home/dong/drone_kkk_ws/install/drone_msgs/share/drone_msgs/environment/ament_prefix_path.dsv
[3.094s] -- Installing: /home/dong/drone_kkk_ws/install/drone_msgs/share/drone_msgs/environment/path.sh
[3.094s] -- Installing: /home/dong/drone_kkk_ws/install/drone_msgs/share/drone_msgs/environment/path.dsv
[3.094s] -- Installing: /home/dong/drone_kkk_ws/install/drone_msgs/share/drone_msgs/local_setup.bash
[3.094s] -- Installing: /home/dong/drone_kkk_ws/install/drone_msgs/share/drone_msgs/local_setup.sh
[3.094s] -- Installing: /home/dong/drone_kkk_ws/install/drone_msgs/share/drone_msgs/local_setup.zsh
[3.094s] -- Installing: /home/dong/drone_kkk_ws/install/drone_msgs/share/drone_msgs/local_setup.dsv
[3.094s] -- Installing: /home/dong/drone_kkk_ws/install/drone_msgs/share/drone_msgs/package.dsv
[3.094s] -- Installing: /home/dong/drone_kkk_ws/install/drone_msgs/share/ament_index/resource_index/packages/drone_msgs
[3.095s] -- Installing: /home/dong/drone_kkk_ws/install/drone_msgs/share/drone_msgs/cmake/export_drone_msgs__rosidl_generator_cExport.cmake
[3.095s] -- Installing: /home/dong/drone_kkk_ws/install/drone_msgs/share/drone_msgs/cmake/export_drone_msgs__rosidl_generator_cExport-noconfig.cmake
[3.095s] -- Installing: /home/dong/drone_kkk_ws/install/drone_msgs/share/drone_msgs/cmake/export_drone_msgs__rosidl_typesupport_fastrtps_cExport.cmake
[3.095s] -- Installing: /home/dong/drone_kkk_ws/install/drone_msgs/share/drone_msgs/cmake/export_drone_msgs__rosidl_typesupport_fastrtps_cExport-noconfig.cmake
[3.095s] -- Installing: /home/dong/drone_kkk_ws/install/drone_msgs/share/drone_msgs/cmake/drone_msgs__rosidl_typesupport_introspection_cExport.cmake
[3.095s] -- Installing: /home/dong/drone_kkk_ws/install/drone_msgs/share/drone_msgs/cmake/drone_msgs__rosidl_typesupport_introspection_cExport-noconfig.cmake
[3.095s] -- Installing: /home/dong/drone_kkk_ws/install/drone_msgs/share/drone_msgs/cmake/drone_msgs__rosidl_typesupport_cExport.cmake
[3.095s] -- Installing: /home/dong/drone_kkk_ws/install/drone_msgs/share/drone_msgs/cmake/drone_msgs__rosidl_typesupport_cExport-noconfig.cmake
[3.096s] -- Installing: /home/dong/drone_kkk_ws/install/drone_msgs/share/drone_msgs/cmake/export_drone_msgs__rosidl_generator_cppExport.cmake
[3.096s] -- Installing: /home/dong/drone_kkk_ws/install/drone_msgs/share/drone_msgs/cmake/export_drone_msgs__rosidl_typesupport_fastrtps_cppExport.cmake
[3.096s] -- Installing: /home/dong/drone_kkk_ws/install/drone_msgs/share/drone_msgs/cmake/export_drone_msgs__rosidl_typesupport_fastrtps_cppExport-noconfig.cmake
[3.096s] -- Installing: /home/dong/drone_kkk_ws/install/drone_msgs/share/drone_msgs/cmake/drone_msgs__rosidl_typesupport_introspection_cppExport.cmake
[3.096s] -- Installing: /home/dong/drone_kkk_ws/install/drone_msgs/share/drone_msgs/cmake/drone_msgs__rosidl_typesupport_introspection_cppExport-noconfig.cmake
[3.096s] -- Installing: /home/dong/drone_kkk_ws/install/drone_msgs/share/drone_msgs/cmake/drone_msgs__rosidl_typesupport_cppExport.cmake
[3.096s] -- Installing: /home/dong/drone_kkk_ws/install/drone_msgs/share/drone_msgs/cmake/drone_msgs__rosidl_typesupport_cppExport-noconfig.cmake
[3.096s] -- Installing: /home/dong/drone_kkk_ws/install/drone_msgs/share/drone_msgs/cmake/export_drone_msgs__rosidl_generator_pyExport.cmake
[3.096s] -- Installing: /home/dong/drone_kkk_ws/install/drone_msgs/share/drone_msgs/cmake/export_drone_msgs__rosidl_generator_pyExport-noconfig.cmake
[3.096s] -- Installing: /home/dong/drone_kkk_ws/install/drone_msgs/share/drone_msgs/cmake/rosidl_cmake-extras.cmake
[3.096s] -- Installing: /home/dong/drone_kkk_ws/install/drone_msgs/share/drone_msgs/cmake/ament_cmake_export_include_directories-extras.cmake
[3.097s] -- Installing: /home/dong/drone_kkk_ws/install/drone_msgs/share/drone_msgs/cmake/ament_cmake_export_libraries-extras.cmake
[3.097s] -- Installing: /home/dong/drone_kkk_ws/install/drone_msgs/share/drone_msgs/cmake/ament_cmake_export_targets-extras.cmake
[3.097s] -- Installing: /home/dong/drone_kkk_ws/install/drone_msgs/share/drone_msgs/cmake/rosidl_cmake_export_typesupport_targets-extras.cmake
[3.097s] -- Installing: /home/dong/drone_kkk_ws/install/drone_msgs/share/drone_msgs/cmake/ament_cmake_export_dependencies-extras.cmake
[3.097s] -- Installing: /home/dong/drone_kkk_ws/install/drone_msgs/share/drone_msgs/cmake/rosidl_cmake_export_typesupport_libraries-extras.cmake
[3.097s] -- Installing: /home/dong/drone_kkk_ws/install/drone_msgs/share/drone_msgs/cmake/drone_msgsConfig.cmake
[3.097s] -- Installing: /home/dong/drone_kkk_ws/install/drone_msgs/share/drone_msgs/cmake/drone_msgsConfig-version.cmake
[3.097s] -- Installing: /home/dong/drone_kkk_ws/install/drone_msgs/share/drone_msgs/package.xml
[3.100s] Invoked command in '/home/dong/drone_kkk_ws/build/drone_msgs' returned '0': CMAKE_PREFIX_PATH=${CMAKE_PREFIX_PATH}:/home/dong/drone_kkk_ws/install/perception_node:/home/dong/drone_kkk_ws/install/decision_node:/opt/ros/humble /usr/bin/cmake --install /home/dong/drone_kkk_ws/build/drone_msgs
